[2025-12-17T22:58:31.308+0000] {processor.py:161} INFO - Started process (PID=177) to work on /opt/airflow/dags/grocery_ingest_dag.py
[2025-12-17T22:58:31.316+0000] {processor.py:830} INFO - Processing file /opt/airflow/dags/grocery_ingest_dag.py for tasks to queue
[2025-12-17T22:58:31.333+0000] {logging_mixin.py:188} INFO - [2025-12-17T22:58:31.330+0000] {dagbag.py:545} INFO - Filling up the DagBag from /opt/airflow/dags/grocery_ingest_dag.py
[2025-12-17T22:58:32.261+0000] {processor.py:840} INFO - DAG(s) 'grocery_ingest_dag' retrieved from /opt/airflow/dags/grocery_ingest_dag.py
[2025-12-17T22:58:32.453+0000] {logging_mixin.py:188} INFO - [2025-12-17T22:58:32.452+0000] {override.py:1858} INFO - Created Permission View: can edit on DAG:grocery_ingest_dag
[2025-12-17T22:58:32.477+0000] {logging_mixin.py:188} INFO - [2025-12-17T22:58:32.477+0000] {override.py:1858} INFO - Created Permission View: can read on DAG:grocery_ingest_dag
[2025-12-17T22:58:32.492+0000] {logging_mixin.py:188} INFO - [2025-12-17T22:58:32.491+0000] {override.py:1858} INFO - Created Permission View: can delete on DAG:grocery_ingest_dag
[2025-12-17T22:58:32.494+0000] {logging_mixin.py:188} INFO - [2025-12-17T22:58:32.494+0000] {dag.py:3089} INFO - Sync 1 DAGs
[2025-12-17T22:58:32.534+0000] {logging_mixin.py:188} INFO - [2025-12-17T22:58:32.533+0000] {dag.py:3111} INFO - Creating ORM DAG for grocery_ingest_dag
[2025-12-17T22:58:32.536+0000] {logging_mixin.py:188} INFO - [2025-12-17T22:58:32.536+0000] {dag.py:3947} INFO - Setting next_dagrun for grocery_ingest_dag to None, run_after=None
[2025-12-17T22:58:32.597+0000] {processor.py:183} INFO - Processing /opt/airflow/dags/grocery_ingest_dag.py took 1.372 seconds
[2025-12-17T22:59:04.070+0000] {processor.py:161} INFO - Started process (PID=209) to work on /opt/airflow/dags/grocery_ingest_dag.py
[2025-12-17T22:59:04.074+0000] {processor.py:830} INFO - Processing file /opt/airflow/dags/grocery_ingest_dag.py for tasks to queue
[2025-12-17T22:59:04.083+0000] {logging_mixin.py:188} INFO - [2025-12-17T22:59:04.083+0000] {dagbag.py:545} INFO - Filling up the DagBag from /opt/airflow/dags/grocery_ingest_dag.py
[2025-12-17T22:59:04.376+0000] {processor.py:840} INFO - DAG(s) 'grocery_ingest_dag' retrieved from /opt/airflow/dags/grocery_ingest_dag.py
[2025-12-17T22:59:04.477+0000] {logging_mixin.py:188} INFO - [2025-12-17T22:59:04.476+0000] {dag.py:3089} INFO - Sync 1 DAGs
[2025-12-17T22:59:04.515+0000] {logging_mixin.py:188} INFO - [2025-12-17T22:59:04.514+0000] {dag.py:3947} INFO - Setting next_dagrun for grocery_ingest_dag to None, run_after=None
[2025-12-17T22:59:04.558+0000] {processor.py:183} INFO - Processing /opt/airflow/dags/grocery_ingest_dag.py took 0.493 seconds
[2025-12-17T22:59:39.363+0000] {processor.py:161} INFO - Started process (PID=237) to work on /opt/airflow/dags/grocery_ingest_dag.py
[2025-12-17T22:59:39.369+0000] {processor.py:830} INFO - Processing file /opt/airflow/dags/grocery_ingest_dag.py for tasks to queue
[2025-12-17T22:59:39.375+0000] {logging_mixin.py:188} INFO - [2025-12-17T22:59:39.373+0000] {dagbag.py:545} INFO - Filling up the DagBag from /opt/airflow/dags/grocery_ingest_dag.py
[2025-12-17T22:59:39.789+0000] {processor.py:840} INFO - DAG(s) 'grocery_ingest_dag' retrieved from /opt/airflow/dags/grocery_ingest_dag.py
[2025-12-17T22:59:39.885+0000] {logging_mixin.py:188} INFO - [2025-12-17T22:59:39.885+0000] {dag.py:3089} INFO - Sync 1 DAGs
[2025-12-17T22:59:39.930+0000] {logging_mixin.py:188} INFO - [2025-12-17T22:59:39.930+0000] {dag.py:3947} INFO - Setting next_dagrun for grocery_ingest_dag to None, run_after=None
[2025-12-17T22:59:39.976+0000] {processor.py:183} INFO - Processing /opt/airflow/dags/grocery_ingest_dag.py took 0.624 seconds
[2025-12-17T23:00:14.368+0000] {processor.py:161} INFO - Started process (PID=269) to work on /opt/airflow/dags/grocery_ingest_dag.py
[2025-12-17T23:00:14.370+0000] {processor.py:830} INFO - Processing file /opt/airflow/dags/grocery_ingest_dag.py for tasks to queue
[2025-12-17T23:00:14.374+0000] {logging_mixin.py:188} INFO - [2025-12-17T23:00:14.373+0000] {dagbag.py:545} INFO - Filling up the DagBag from /opt/airflow/dags/grocery_ingest_dag.py
[2025-12-17T23:00:14.639+0000] {processor.py:840} INFO - DAG(s) 'grocery_ingest_dag' retrieved from /opt/airflow/dags/grocery_ingest_dag.py
[2025-12-17T23:00:14.688+0000] {logging_mixin.py:188} INFO - [2025-12-17T23:00:14.688+0000] {dag.py:3089} INFO - Sync 1 DAGs
[2025-12-17T23:00:14.712+0000] {logging_mixin.py:188} INFO - [2025-12-17T23:00:14.712+0000] {dag.py:3947} INFO - Setting next_dagrun for grocery_ingest_dag to None, run_after=None
[2025-12-17T23:00:14.743+0000] {processor.py:183} INFO - Processing /opt/airflow/dags/grocery_ingest_dag.py took 0.381 seconds
[2025-12-17T23:00:45.784+0000] {processor.py:161} INFO - Started process (PID=299) to work on /opt/airflow/dags/grocery_ingest_dag.py
[2025-12-17T23:00:45.785+0000] {processor.py:830} INFO - Processing file /opt/airflow/dags/grocery_ingest_dag.py for tasks to queue
[2025-12-17T23:00:45.787+0000] {logging_mixin.py:188} INFO - [2025-12-17T23:00:45.787+0000] {dagbag.py:545} INFO - Filling up the DagBag from /opt/airflow/dags/grocery_ingest_dag.py
[2025-12-17T23:00:45.843+0000] {processor.py:840} INFO - DAG(s) 'grocery_ingest_dag' retrieved from /opt/airflow/dags/grocery_ingest_dag.py
[2025-12-17T23:00:45.874+0000] {logging_mixin.py:188} INFO - [2025-12-17T23:00:45.874+0000] {dag.py:3089} INFO - Sync 1 DAGs
[2025-12-17T23:00:45.889+0000] {logging_mixin.py:188} INFO - [2025-12-17T23:00:45.889+0000] {dag.py:3947} INFO - Setting next_dagrun for grocery_ingest_dag to None, run_after=None
[2025-12-17T23:00:45.910+0000] {processor.py:183} INFO - Processing /opt/airflow/dags/grocery_ingest_dag.py took 0.129 seconds
[2025-12-17T23:01:17.488+0000] {processor.py:161} INFO - Started process (PID=327) to work on /opt/airflow/dags/grocery_ingest_dag.py
[2025-12-17T23:01:17.492+0000] {processor.py:830} INFO - Processing file /opt/airflow/dags/grocery_ingest_dag.py for tasks to queue
[2025-12-17T23:01:17.499+0000] {logging_mixin.py:188} INFO - [2025-12-17T23:01:17.498+0000] {dagbag.py:545} INFO - Filling up the DagBag from /opt/airflow/dags/grocery_ingest_dag.py
[2025-12-17T23:01:17.714+0000] {processor.py:840} INFO - DAG(s) 'grocery_ingest_dag' retrieved from /opt/airflow/dags/grocery_ingest_dag.py
[2025-12-17T23:01:17.877+0000] {logging_mixin.py:188} INFO - [2025-12-17T23:01:17.876+0000] {dag.py:3089} INFO - Sync 1 DAGs
[2025-12-17T23:01:17.951+0000] {logging_mixin.py:188} INFO - [2025-12-17T23:01:17.951+0000] {dag.py:3947} INFO - Setting next_dagrun for grocery_ingest_dag to None, run_after=None
[2025-12-17T23:01:18.069+0000] {processor.py:183} INFO - Processing /opt/airflow/dags/grocery_ingest_dag.py took 0.590 seconds
[2025-12-17T23:03:34.457+0000] {processor.py:161} INFO - Started process (PID=177) to work on /opt/airflow/dags/grocery_ingest_dag.py
[2025-12-17T23:03:34.461+0000] {processor.py:830} INFO - Processing file /opt/airflow/dags/grocery_ingest_dag.py for tasks to queue
[2025-12-17T23:03:34.466+0000] {logging_mixin.py:188} INFO - [2025-12-17T23:03:34.466+0000] {dagbag.py:545} INFO - Filling up the DagBag from /opt/airflow/dags/grocery_ingest_dag.py
[2025-12-17T23:03:37.308+0000] {processor.py:840} INFO - DAG(s) 'grocery_ingest_dag' retrieved from /opt/airflow/dags/grocery_ingest_dag.py
[2025-12-17T23:03:37.690+0000] {logging_mixin.py:188} INFO - [2025-12-17T23:03:37.690+0000] {dag.py:3089} INFO - Sync 1 DAGs
[2025-12-17T23:03:37.742+0000] {logging_mixin.py:188} INFO - [2025-12-17T23:03:37.741+0000] {dag.py:3947} INFO - Setting next_dagrun for grocery_ingest_dag to None, run_after=None
[2025-12-17T23:03:37.831+0000] {processor.py:183} INFO - Processing /opt/airflow/dags/grocery_ingest_dag.py took 3.410 seconds
[2025-12-17T23:04:08.768+0000] {processor.py:161} INFO - Started process (PID=206) to work on /opt/airflow/dags/grocery_ingest_dag.py
[2025-12-17T23:04:08.789+0000] {processor.py:830} INFO - Processing file /opt/airflow/dags/grocery_ingest_dag.py for tasks to queue
[2025-12-17T23:04:08.826+0000] {logging_mixin.py:188} INFO - [2025-12-17T23:04:08.822+0000] {dagbag.py:545} INFO - Filling up the DagBag from /opt/airflow/dags/grocery_ingest_dag.py
[2025-12-17T23:04:11.163+0000] {processor.py:840} INFO - DAG(s) 'grocery_ingest_dag' retrieved from /opt/airflow/dags/grocery_ingest_dag.py
[2025-12-17T23:04:11.273+0000] {logging_mixin.py:188} INFO - [2025-12-17T23:04:11.273+0000] {dag.py:3089} INFO - Sync 1 DAGs
[2025-12-17T23:04:11.321+0000] {logging_mixin.py:188} INFO - [2025-12-17T23:04:11.321+0000] {dag.py:3947} INFO - Setting next_dagrun for grocery_ingest_dag to None, run_after=None
[2025-12-17T23:04:11.401+0000] {processor.py:183} INFO - Processing /opt/airflow/dags/grocery_ingest_dag.py took 2.690 seconds
[2025-12-17T23:04:43.560+0000] {processor.py:161} INFO - Started process (PID=239) to work on /opt/airflow/dags/grocery_ingest_dag.py
[2025-12-17T23:04:43.563+0000] {processor.py:830} INFO - Processing file /opt/airflow/dags/grocery_ingest_dag.py for tasks to queue
[2025-12-17T23:04:43.566+0000] {logging_mixin.py:188} INFO - [2025-12-17T23:04:43.566+0000] {dagbag.py:545} INFO - Filling up the DagBag from /opt/airflow/dags/grocery_ingest_dag.py
[2025-12-17T23:04:43.740+0000] {processor.py:840} INFO - DAG(s) 'grocery_ingest_dag' retrieved from /opt/airflow/dags/grocery_ingest_dag.py
[2025-12-17T23:04:43.796+0000] {logging_mixin.py:188} INFO - [2025-12-17T23:04:43.795+0000] {dag.py:3089} INFO - Sync 1 DAGs
[2025-12-17T23:04:43.890+0000] {logging_mixin.py:188} INFO - [2025-12-17T23:04:43.890+0000] {dag.py:3947} INFO - Setting next_dagrun for grocery_ingest_dag to None, run_after=None
[2025-12-17T23:04:43.977+0000] {processor.py:183} INFO - Processing /opt/airflow/dags/grocery_ingest_dag.py took 0.420 seconds
[2025-12-17T23:05:15.453+0000] {processor.py:161} INFO - Started process (PID=267) to work on /opt/airflow/dags/grocery_ingest_dag.py
[2025-12-17T23:05:15.455+0000] {processor.py:830} INFO - Processing file /opt/airflow/dags/grocery_ingest_dag.py for tasks to queue
[2025-12-17T23:05:15.459+0000] {logging_mixin.py:188} INFO - [2025-12-17T23:05:15.458+0000] {dagbag.py:545} INFO - Filling up the DagBag from /opt/airflow/dags/grocery_ingest_dag.py
[2025-12-17T23:05:15.704+0000] {processor.py:840} INFO - DAG(s) 'grocery_ingest_dag' retrieved from /opt/airflow/dags/grocery_ingest_dag.py
[2025-12-17T23:05:15.794+0000] {logging_mixin.py:188} INFO - [2025-12-17T23:05:15.793+0000] {dag.py:3089} INFO - Sync 1 DAGs
[2025-12-17T23:05:15.873+0000] {logging_mixin.py:188} INFO - [2025-12-17T23:05:15.873+0000] {dag.py:3947} INFO - Setting next_dagrun for grocery_ingest_dag to None, run_after=None
[2025-12-17T23:05:15.923+0000] {processor.py:183} INFO - Processing /opt/airflow/dags/grocery_ingest_dag.py took 0.475 seconds
[2025-12-17T23:05:46.661+0000] {processor.py:161} INFO - Started process (PID=297) to work on /opt/airflow/dags/grocery_ingest_dag.py
[2025-12-17T23:05:46.663+0000] {processor.py:830} INFO - Processing file /opt/airflow/dags/grocery_ingest_dag.py for tasks to queue
[2025-12-17T23:05:46.666+0000] {logging_mixin.py:188} INFO - [2025-12-17T23:05:46.666+0000] {dagbag.py:545} INFO - Filling up the DagBag from /opt/airflow/dags/grocery_ingest_dag.py
[2025-12-17T23:05:46.987+0000] {processor.py:840} INFO - DAG(s) 'grocery_ingest_dag' retrieved from /opt/airflow/dags/grocery_ingest_dag.py
[2025-12-17T23:05:47.094+0000] {logging_mixin.py:188} INFO - [2025-12-17T23:05:47.093+0000] {dag.py:3089} INFO - Sync 1 DAGs
[2025-12-17T23:05:47.140+0000] {logging_mixin.py:188} INFO - [2025-12-17T23:05:47.140+0000] {dag.py:3947} INFO - Setting next_dagrun for grocery_ingest_dag to None, run_after=None
[2025-12-17T23:05:47.195+0000] {processor.py:183} INFO - Processing /opt/airflow/dags/grocery_ingest_dag.py took 0.540 seconds
[2025-12-17T23:06:17.697+0000] {processor.py:161} INFO - Started process (PID=327) to work on /opt/airflow/dags/grocery_ingest_dag.py
[2025-12-17T23:06:17.699+0000] {processor.py:830} INFO - Processing file /opt/airflow/dags/grocery_ingest_dag.py for tasks to queue
[2025-12-17T23:06:17.703+0000] {logging_mixin.py:188} INFO - [2025-12-17T23:06:17.703+0000] {dagbag.py:545} INFO - Filling up the DagBag from /opt/airflow/dags/grocery_ingest_dag.py
[2025-12-17T23:06:17.845+0000] {processor.py:840} INFO - DAG(s) 'grocery_ingest_dag' retrieved from /opt/airflow/dags/grocery_ingest_dag.py
[2025-12-17T23:06:17.906+0000] {logging_mixin.py:188} INFO - [2025-12-17T23:06:17.906+0000] {dag.py:3089} INFO - Sync 1 DAGs
[2025-12-17T23:06:17.983+0000] {logging_mixin.py:188} INFO - [2025-12-17T23:06:17.983+0000] {dag.py:3947} INFO - Setting next_dagrun for grocery_ingest_dag to None, run_after=None
[2025-12-17T23:06:18.066+0000] {processor.py:183} INFO - Processing /opt/airflow/dags/grocery_ingest_dag.py took 0.375 seconds
[2025-12-17T23:06:50.597+0000] {processor.py:161} INFO - Started process (PID=357) to work on /opt/airflow/dags/grocery_ingest_dag.py
[2025-12-17T23:06:50.608+0000] {processor.py:830} INFO - Processing file /opt/airflow/dags/grocery_ingest_dag.py for tasks to queue
[2025-12-17T23:06:50.621+0000] {logging_mixin.py:188} INFO - [2025-12-17T23:06:50.620+0000] {dagbag.py:545} INFO - Filling up the DagBag from /opt/airflow/dags/grocery_ingest_dag.py
[2025-12-17T23:06:50.870+0000] {processor.py:840} INFO - DAG(s) 'grocery_ingest_dag' retrieved from /opt/airflow/dags/grocery_ingest_dag.py
[2025-12-17T23:06:51.060+0000] {logging_mixin.py:188} INFO - [2025-12-17T23:06:51.058+0000] {dag.py:3089} INFO - Sync 1 DAGs
[2025-12-17T23:06:51.206+0000] {logging_mixin.py:188} INFO - [2025-12-17T23:06:51.202+0000] {dag.py:3947} INFO - Setting next_dagrun for grocery_ingest_dag to None, run_after=None
[2025-12-17T23:06:51.560+0000] {processor.py:183} INFO - Processing /opt/airflow/dags/grocery_ingest_dag.py took 0.975 seconds
[2025-12-17T23:07:26.896+0000] {processor.py:161} INFO - Started process (PID=387) to work on /opt/airflow/dags/grocery_ingest_dag.py
[2025-12-17T23:07:26.917+0000] {processor.py:830} INFO - Processing file /opt/airflow/dags/grocery_ingest_dag.py for tasks to queue
[2025-12-17T23:07:26.967+0000] {logging_mixin.py:188} INFO - [2025-12-17T23:07:26.966+0000] {dagbag.py:545} INFO - Filling up the DagBag from /opt/airflow/dags/grocery_ingest_dag.py
[2025-12-17T23:07:28.026+0000] {processor.py:840} INFO - DAG(s) 'grocery_ingest_dag' retrieved from /opt/airflow/dags/grocery_ingest_dag.py
[2025-12-17T23:07:28.253+0000] {logging_mixin.py:188} INFO - [2025-12-17T23:07:28.253+0000] {dag.py:3089} INFO - Sync 1 DAGs
[2025-12-17T23:07:28.320+0000] {logging_mixin.py:188} INFO - [2025-12-17T23:07:28.320+0000] {dag.py:3947} INFO - Setting next_dagrun for grocery_ingest_dag to None, run_after=None
[2025-12-17T23:07:28.432+0000] {processor.py:183} INFO - Processing /opt/airflow/dags/grocery_ingest_dag.py took 1.699 seconds
[2025-12-17T23:07:58.854+0000] {processor.py:161} INFO - Started process (PID=419) to work on /opt/airflow/dags/grocery_ingest_dag.py
[2025-12-17T23:07:58.856+0000] {processor.py:830} INFO - Processing file /opt/airflow/dags/grocery_ingest_dag.py for tasks to queue
[2025-12-17T23:07:58.860+0000] {logging_mixin.py:188} INFO - [2025-12-17T23:07:58.859+0000] {dagbag.py:545} INFO - Filling up the DagBag from /opt/airflow/dags/grocery_ingest_dag.py
[2025-12-17T23:07:58.938+0000] {processor.py:840} INFO - DAG(s) 'grocery_ingest_dag' retrieved from /opt/airflow/dags/grocery_ingest_dag.py
[2025-12-17T23:07:58.992+0000] {logging_mixin.py:188} INFO - [2025-12-17T23:07:58.992+0000] {dag.py:3089} INFO - Sync 1 DAGs
[2025-12-17T23:07:59.013+0000] {logging_mixin.py:188} INFO - [2025-12-17T23:07:59.012+0000] {dag.py:3947} INFO - Setting next_dagrun for grocery_ingest_dag to None, run_after=None
[2025-12-17T23:07:59.058+0000] {processor.py:183} INFO - Processing /opt/airflow/dags/grocery_ingest_dag.py took 0.209 seconds
[2025-12-17T23:08:29.914+0000] {processor.py:161} INFO - Started process (PID=449) to work on /opt/airflow/dags/grocery_ingest_dag.py
[2025-12-17T23:08:29.916+0000] {processor.py:830} INFO - Processing file /opt/airflow/dags/grocery_ingest_dag.py for tasks to queue
[2025-12-17T23:08:29.918+0000] {logging_mixin.py:188} INFO - [2025-12-17T23:08:29.918+0000] {dagbag.py:545} INFO - Filling up the DagBag from /opt/airflow/dags/grocery_ingest_dag.py
[2025-12-17T23:08:29.979+0000] {processor.py:840} INFO - DAG(s) 'grocery_ingest_dag' retrieved from /opt/airflow/dags/grocery_ingest_dag.py
[2025-12-17T23:08:30.007+0000] {logging_mixin.py:188} INFO - [2025-12-17T23:08:30.007+0000] {dag.py:3089} INFO - Sync 1 DAGs
[2025-12-17T23:08:30.023+0000] {logging_mixin.py:188} INFO - [2025-12-17T23:08:30.023+0000] {dag.py:3947} INFO - Setting next_dagrun for grocery_ingest_dag to None, run_after=None
[2025-12-17T23:08:30.041+0000] {processor.py:183} INFO - Processing /opt/airflow/dags/grocery_ingest_dag.py took 0.131 seconds
[2025-12-17T23:09:00.687+0000] {processor.py:161} INFO - Started process (PID=479) to work on /opt/airflow/dags/grocery_ingest_dag.py
[2025-12-17T23:09:00.689+0000] {processor.py:830} INFO - Processing file /opt/airflow/dags/grocery_ingest_dag.py for tasks to queue
[2025-12-17T23:09:00.691+0000] {logging_mixin.py:188} INFO - [2025-12-17T23:09:00.691+0000] {dagbag.py:545} INFO - Filling up the DagBag from /opt/airflow/dags/grocery_ingest_dag.py
[2025-12-17T23:09:00.748+0000] {processor.py:840} INFO - DAG(s) 'grocery_ingest_dag' retrieved from /opt/airflow/dags/grocery_ingest_dag.py
[2025-12-17T23:09:00.780+0000] {logging_mixin.py:188} INFO - [2025-12-17T23:09:00.780+0000] {dag.py:3089} INFO - Sync 1 DAGs
[2025-12-17T23:09:00.793+0000] {logging_mixin.py:188} INFO - [2025-12-17T23:09:00.793+0000] {dag.py:3947} INFO - Setting next_dagrun for grocery_ingest_dag to None, run_after=None
[2025-12-17T23:09:00.813+0000] {processor.py:183} INFO - Processing /opt/airflow/dags/grocery_ingest_dag.py took 0.131 seconds
[2025-12-17T23:09:31.438+0000] {processor.py:161} INFO - Started process (PID=509) to work on /opt/airflow/dags/grocery_ingest_dag.py
[2025-12-17T23:09:31.439+0000] {processor.py:830} INFO - Processing file /opt/airflow/dags/grocery_ingest_dag.py for tasks to queue
[2025-12-17T23:09:31.441+0000] {logging_mixin.py:188} INFO - [2025-12-17T23:09:31.441+0000] {dagbag.py:545} INFO - Filling up the DagBag from /opt/airflow/dags/grocery_ingest_dag.py
[2025-12-17T23:09:31.498+0000] {processor.py:840} INFO - DAG(s) 'grocery_ingest_dag' retrieved from /opt/airflow/dags/grocery_ingest_dag.py
[2025-12-17T23:09:31.529+0000] {logging_mixin.py:188} INFO - [2025-12-17T23:09:31.529+0000] {dag.py:3089} INFO - Sync 1 DAGs
[2025-12-17T23:09:31.545+0000] {logging_mixin.py:188} INFO - [2025-12-17T23:09:31.544+0000] {dag.py:3947} INFO - Setting next_dagrun for grocery_ingest_dag to None, run_after=None
[2025-12-17T23:09:31.565+0000] {processor.py:183} INFO - Processing /opt/airflow/dags/grocery_ingest_dag.py took 0.132 seconds
[2025-12-17T23:10:02.235+0000] {processor.py:161} INFO - Started process (PID=539) to work on /opt/airflow/dags/grocery_ingest_dag.py
[2025-12-17T23:10:02.236+0000] {processor.py:830} INFO - Processing file /opt/airflow/dags/grocery_ingest_dag.py for tasks to queue
[2025-12-17T23:10:02.238+0000] {logging_mixin.py:188} INFO - [2025-12-17T23:10:02.238+0000] {dagbag.py:545} INFO - Filling up the DagBag from /opt/airflow/dags/grocery_ingest_dag.py
[2025-12-17T23:10:02.290+0000] {processor.py:840} INFO - DAG(s) 'grocery_ingest_dag' retrieved from /opt/airflow/dags/grocery_ingest_dag.py
[2025-12-17T23:10:02.321+0000] {logging_mixin.py:188} INFO - [2025-12-17T23:10:02.320+0000] {dag.py:3089} INFO - Sync 1 DAGs
[2025-12-17T23:10:02.338+0000] {logging_mixin.py:188} INFO - [2025-12-17T23:10:02.338+0000] {dag.py:3947} INFO - Setting next_dagrun for grocery_ingest_dag to None, run_after=None
[2025-12-17T23:10:02.362+0000] {processor.py:183} INFO - Processing /opt/airflow/dags/grocery_ingest_dag.py took 0.132 seconds
[2025-12-17T23:10:32.901+0000] {processor.py:161} INFO - Started process (PID=569) to work on /opt/airflow/dags/grocery_ingest_dag.py
[2025-12-17T23:10:32.903+0000] {processor.py:830} INFO - Processing file /opt/airflow/dags/grocery_ingest_dag.py for tasks to queue
[2025-12-17T23:10:32.905+0000] {logging_mixin.py:188} INFO - [2025-12-17T23:10:32.904+0000] {dagbag.py:545} INFO - Filling up the DagBag from /opt/airflow/dags/grocery_ingest_dag.py
[2025-12-17T23:10:32.964+0000] {processor.py:840} INFO - DAG(s) 'grocery_ingest_dag' retrieved from /opt/airflow/dags/grocery_ingest_dag.py
[2025-12-17T23:10:32.998+0000] {logging_mixin.py:188} INFO - [2025-12-17T23:10:32.998+0000] {dag.py:3089} INFO - Sync 1 DAGs
[2025-12-17T23:10:33.016+0000] {logging_mixin.py:188} INFO - [2025-12-17T23:10:33.016+0000] {dag.py:3947} INFO - Setting next_dagrun for grocery_ingest_dag to None, run_after=None
[2025-12-17T23:10:33.038+0000] {processor.py:183} INFO - Processing /opt/airflow/dags/grocery_ingest_dag.py took 0.142 seconds
[2025-12-17T23:11:03.756+0000] {processor.py:161} INFO - Started process (PID=599) to work on /opt/airflow/dags/grocery_ingest_dag.py
[2025-12-17T23:11:03.758+0000] {processor.py:830} INFO - Processing file /opt/airflow/dags/grocery_ingest_dag.py for tasks to queue
[2025-12-17T23:11:03.760+0000] {logging_mixin.py:188} INFO - [2025-12-17T23:11:03.760+0000] {dagbag.py:545} INFO - Filling up the DagBag from /opt/airflow/dags/grocery_ingest_dag.py
[2025-12-17T23:11:03.817+0000] {processor.py:840} INFO - DAG(s) 'grocery_ingest_dag' retrieved from /opt/airflow/dags/grocery_ingest_dag.py
[2025-12-17T23:11:03.854+0000] {logging_mixin.py:188} INFO - [2025-12-17T23:11:03.854+0000] {dag.py:3089} INFO - Sync 1 DAGs
[2025-12-17T23:11:03.870+0000] {logging_mixin.py:188} INFO - [2025-12-17T23:11:03.870+0000] {dag.py:3947} INFO - Setting next_dagrun for grocery_ingest_dag to None, run_after=None
[2025-12-17T23:11:03.890+0000] {processor.py:183} INFO - Processing /opt/airflow/dags/grocery_ingest_dag.py took 0.140 seconds
[2025-12-17T23:11:34.573+0000] {processor.py:161} INFO - Started process (PID=629) to work on /opt/airflow/dags/grocery_ingest_dag.py
[2025-12-17T23:11:34.575+0000] {processor.py:830} INFO - Processing file /opt/airflow/dags/grocery_ingest_dag.py for tasks to queue
[2025-12-17T23:11:34.577+0000] {logging_mixin.py:188} INFO - [2025-12-17T23:11:34.577+0000] {dagbag.py:545} INFO - Filling up the DagBag from /opt/airflow/dags/grocery_ingest_dag.py
[2025-12-17T23:11:34.633+0000] {processor.py:840} INFO - DAG(s) 'grocery_ingest_dag' retrieved from /opt/airflow/dags/grocery_ingest_dag.py
[2025-12-17T23:11:34.664+0000] {logging_mixin.py:188} INFO - [2025-12-17T23:11:34.664+0000] {dag.py:3089} INFO - Sync 1 DAGs
[2025-12-17T23:11:34.680+0000] {logging_mixin.py:188} INFO - [2025-12-17T23:11:34.680+0000] {dag.py:3947} INFO - Setting next_dagrun for grocery_ingest_dag to None, run_after=None
[2025-12-17T23:11:34.701+0000] {processor.py:183} INFO - Processing /opt/airflow/dags/grocery_ingest_dag.py took 0.134 seconds
[2025-12-17T23:12:05.354+0000] {processor.py:161} INFO - Started process (PID=659) to work on /opt/airflow/dags/grocery_ingest_dag.py
[2025-12-17T23:12:05.356+0000] {processor.py:830} INFO - Processing file /opt/airflow/dags/grocery_ingest_dag.py for tasks to queue
[2025-12-17T23:12:05.358+0000] {logging_mixin.py:188} INFO - [2025-12-17T23:12:05.358+0000] {dagbag.py:545} INFO - Filling up the DagBag from /opt/airflow/dags/grocery_ingest_dag.py
[2025-12-17T23:12:05.415+0000] {processor.py:840} INFO - DAG(s) 'grocery_ingest_dag' retrieved from /opt/airflow/dags/grocery_ingest_dag.py
[2025-12-17T23:12:05.450+0000] {logging_mixin.py:188} INFO - [2025-12-17T23:12:05.450+0000] {dag.py:3089} INFO - Sync 1 DAGs
[2025-12-17T23:12:05.465+0000] {logging_mixin.py:188} INFO - [2025-12-17T23:12:05.464+0000] {dag.py:3947} INFO - Setting next_dagrun for grocery_ingest_dag to None, run_after=None
[2025-12-17T23:12:05.485+0000] {processor.py:183} INFO - Processing /opt/airflow/dags/grocery_ingest_dag.py took 0.137 seconds
[2025-12-17T23:12:35.593+0000] {processor.py:161} INFO - Started process (PID=689) to work on /opt/airflow/dags/grocery_ingest_dag.py
[2025-12-17T23:12:35.595+0000] {processor.py:830} INFO - Processing file /opt/airflow/dags/grocery_ingest_dag.py for tasks to queue
[2025-12-17T23:12:35.597+0000] {logging_mixin.py:188} INFO - [2025-12-17T23:12:35.596+0000] {dagbag.py:545} INFO - Filling up the DagBag from /opt/airflow/dags/grocery_ingest_dag.py
[2025-12-17T23:12:35.648+0000] {processor.py:840} INFO - DAG(s) 'grocery_ingest_dag' retrieved from /opt/airflow/dags/grocery_ingest_dag.py
[2025-12-17T23:12:35.679+0000] {logging_mixin.py:188} INFO - [2025-12-17T23:12:35.679+0000] {dag.py:3089} INFO - Sync 1 DAGs
[2025-12-17T23:12:35.698+0000] {logging_mixin.py:188} INFO - [2025-12-17T23:12:35.698+0000] {dag.py:3947} INFO - Setting next_dagrun for grocery_ingest_dag to None, run_after=None
[2025-12-17T23:12:35.721+0000] {processor.py:183} INFO - Processing /opt/airflow/dags/grocery_ingest_dag.py took 0.131 seconds
[2025-12-17T23:13:06.417+0000] {processor.py:161} INFO - Started process (PID=719) to work on /opt/airflow/dags/grocery_ingest_dag.py
[2025-12-17T23:13:06.419+0000] {processor.py:830} INFO - Processing file /opt/airflow/dags/grocery_ingest_dag.py for tasks to queue
[2025-12-17T23:13:06.420+0000] {logging_mixin.py:188} INFO - [2025-12-17T23:13:06.420+0000] {dagbag.py:545} INFO - Filling up the DagBag from /opt/airflow/dags/grocery_ingest_dag.py
[2025-12-17T23:13:06.473+0000] {processor.py:840} INFO - DAG(s) 'grocery_ingest_dag' retrieved from /opt/airflow/dags/grocery_ingest_dag.py
[2025-12-17T23:13:06.515+0000] {logging_mixin.py:188} INFO - [2025-12-17T23:13:06.515+0000] {dag.py:3089} INFO - Sync 1 DAGs
[2025-12-17T23:13:06.533+0000] {logging_mixin.py:188} INFO - [2025-12-17T23:13:06.533+0000] {dag.py:3947} INFO - Setting next_dagrun for grocery_ingest_dag to None, run_after=None
[2025-12-17T23:13:06.556+0000] {processor.py:183} INFO - Processing /opt/airflow/dags/grocery_ingest_dag.py took 0.143 seconds
[2025-12-17T23:13:37.464+0000] {processor.py:161} INFO - Started process (PID=749) to work on /opt/airflow/dags/grocery_ingest_dag.py
[2025-12-17T23:13:37.465+0000] {processor.py:830} INFO - Processing file /opt/airflow/dags/grocery_ingest_dag.py for tasks to queue
[2025-12-17T23:13:37.467+0000] {logging_mixin.py:188} INFO - [2025-12-17T23:13:37.467+0000] {dagbag.py:545} INFO - Filling up the DagBag from /opt/airflow/dags/grocery_ingest_dag.py
[2025-12-17T23:13:37.523+0000] {processor.py:840} INFO - DAG(s) 'grocery_ingest_dag' retrieved from /opt/airflow/dags/grocery_ingest_dag.py
[2025-12-17T23:13:37.558+0000] {logging_mixin.py:188} INFO - [2025-12-17T23:13:37.558+0000] {dag.py:3089} INFO - Sync 1 DAGs
[2025-12-17T23:13:37.573+0000] {logging_mixin.py:188} INFO - [2025-12-17T23:13:37.573+0000] {dag.py:3947} INFO - Setting next_dagrun for grocery_ingest_dag to None, run_after=None
[2025-12-17T23:13:37.597+0000] {processor.py:183} INFO - Processing /opt/airflow/dags/grocery_ingest_dag.py took 0.137 seconds
[2025-12-17T23:14:08.596+0000] {processor.py:161} INFO - Started process (PID=779) to work on /opt/airflow/dags/grocery_ingest_dag.py
[2025-12-17T23:14:08.598+0000] {processor.py:830} INFO - Processing file /opt/airflow/dags/grocery_ingest_dag.py for tasks to queue
[2025-12-17T23:14:08.600+0000] {logging_mixin.py:188} INFO - [2025-12-17T23:14:08.600+0000] {dagbag.py:545} INFO - Filling up the DagBag from /opt/airflow/dags/grocery_ingest_dag.py
[2025-12-17T23:14:08.671+0000] {processor.py:840} INFO - DAG(s) 'grocery_ingest_dag' retrieved from /opt/airflow/dags/grocery_ingest_dag.py
[2025-12-17T23:14:08.719+0000] {logging_mixin.py:188} INFO - [2025-12-17T23:14:08.719+0000] {dag.py:3089} INFO - Sync 1 DAGs
[2025-12-17T23:14:08.746+0000] {logging_mixin.py:188} INFO - [2025-12-17T23:14:08.745+0000] {dag.py:3947} INFO - Setting next_dagrun for grocery_ingest_dag to None, run_after=None
[2025-12-17T23:14:08.789+0000] {processor.py:183} INFO - Processing /opt/airflow/dags/grocery_ingest_dag.py took 0.198 seconds
[2025-12-17T23:14:39.659+0000] {processor.py:161} INFO - Started process (PID=809) to work on /opt/airflow/dags/grocery_ingest_dag.py
[2025-12-17T23:14:39.662+0000] {processor.py:830} INFO - Processing file /opt/airflow/dags/grocery_ingest_dag.py for tasks to queue
[2025-12-17T23:14:39.664+0000] {logging_mixin.py:188} INFO - [2025-12-17T23:14:39.664+0000] {dagbag.py:545} INFO - Filling up the DagBag from /opt/airflow/dags/grocery_ingest_dag.py
[2025-12-17T23:14:39.746+0000] {processor.py:840} INFO - DAG(s) 'grocery_ingest_dag' retrieved from /opt/airflow/dags/grocery_ingest_dag.py
[2025-12-17T23:14:39.796+0000] {logging_mixin.py:188} INFO - [2025-12-17T23:14:39.795+0000] {dag.py:3089} INFO - Sync 1 DAGs
[2025-12-17T23:14:39.823+0000] {logging_mixin.py:188} INFO - [2025-12-17T23:14:39.822+0000] {dag.py:3947} INFO - Setting next_dagrun for grocery_ingest_dag to None, run_after=None
[2025-12-17T23:14:39.861+0000] {processor.py:183} INFO - Processing /opt/airflow/dags/grocery_ingest_dag.py took 0.207 seconds
[2025-12-17T23:15:10.612+0000] {processor.py:161} INFO - Started process (PID=839) to work on /opt/airflow/dags/grocery_ingest_dag.py
[2025-12-17T23:15:10.613+0000] {processor.py:830} INFO - Processing file /opt/airflow/dags/grocery_ingest_dag.py for tasks to queue
[2025-12-17T23:15:10.615+0000] {logging_mixin.py:188} INFO - [2025-12-17T23:15:10.615+0000] {dagbag.py:545} INFO - Filling up the DagBag from /opt/airflow/dags/grocery_ingest_dag.py
[2025-12-17T23:15:10.688+0000] {processor.py:840} INFO - DAG(s) 'grocery_ingest_dag' retrieved from /opt/airflow/dags/grocery_ingest_dag.py
[2025-12-17T23:15:10.730+0000] {logging_mixin.py:188} INFO - [2025-12-17T23:15:10.730+0000] {dag.py:3089} INFO - Sync 1 DAGs
[2025-12-17T23:15:10.750+0000] {logging_mixin.py:188} INFO - [2025-12-17T23:15:10.749+0000] {dag.py:3947} INFO - Setting next_dagrun for grocery_ingest_dag to None, run_after=None
[2025-12-17T23:15:10.780+0000] {processor.py:183} INFO - Processing /opt/airflow/dags/grocery_ingest_dag.py took 0.175 seconds
[2025-12-17T23:15:41.609+0000] {processor.py:161} INFO - Started process (PID=869) to work on /opt/airflow/dags/grocery_ingest_dag.py
[2025-12-17T23:15:41.611+0000] {processor.py:830} INFO - Processing file /opt/airflow/dags/grocery_ingest_dag.py for tasks to queue
[2025-12-17T23:15:41.613+0000] {logging_mixin.py:188} INFO - [2025-12-17T23:15:41.613+0000] {dagbag.py:545} INFO - Filling up the DagBag from /opt/airflow/dags/grocery_ingest_dag.py
[2025-12-17T23:15:41.680+0000] {processor.py:840} INFO - DAG(s) 'grocery_ingest_dag' retrieved from /opt/airflow/dags/grocery_ingest_dag.py
[2025-12-17T23:15:41.723+0000] {logging_mixin.py:188} INFO - [2025-12-17T23:15:41.723+0000] {dag.py:3089} INFO - Sync 1 DAGs
[2025-12-17T23:15:41.742+0000] {logging_mixin.py:188} INFO - [2025-12-17T23:15:41.742+0000] {dag.py:3947} INFO - Setting next_dagrun for grocery_ingest_dag to None, run_after=None
[2025-12-17T23:15:41.778+0000] {processor.py:183} INFO - Processing /opt/airflow/dags/grocery_ingest_dag.py took 0.178 seconds
[2025-12-17T23:16:12.598+0000] {processor.py:161} INFO - Started process (PID=899) to work on /opt/airflow/dags/grocery_ingest_dag.py
[2025-12-17T23:16:12.599+0000] {processor.py:830} INFO - Processing file /opt/airflow/dags/grocery_ingest_dag.py for tasks to queue
[2025-12-17T23:16:12.601+0000] {logging_mixin.py:188} INFO - [2025-12-17T23:16:12.601+0000] {dagbag.py:545} INFO - Filling up the DagBag from /opt/airflow/dags/grocery_ingest_dag.py
[2025-12-17T23:16:12.670+0000] {processor.py:840} INFO - DAG(s) 'grocery_ingest_dag' retrieved from /opt/airflow/dags/grocery_ingest_dag.py
[2025-12-17T23:16:12.713+0000] {logging_mixin.py:188} INFO - [2025-12-17T23:16:12.713+0000] {dag.py:3089} INFO - Sync 1 DAGs
[2025-12-17T23:16:12.731+0000] {logging_mixin.py:188} INFO - [2025-12-17T23:16:12.731+0000] {dag.py:3947} INFO - Setting next_dagrun for grocery_ingest_dag to None, run_after=None
[2025-12-17T23:16:12.760+0000] {processor.py:183} INFO - Processing /opt/airflow/dags/grocery_ingest_dag.py took 0.167 seconds
[2025-12-17T23:16:43.698+0000] {processor.py:161} INFO - Started process (PID=929) to work on /opt/airflow/dags/grocery_ingest_dag.py
[2025-12-17T23:16:43.700+0000] {processor.py:830} INFO - Processing file /opt/airflow/dags/grocery_ingest_dag.py for tasks to queue
[2025-12-17T23:16:43.702+0000] {logging_mixin.py:188} INFO - [2025-12-17T23:16:43.702+0000] {dagbag.py:545} INFO - Filling up the DagBag from /opt/airflow/dags/grocery_ingest_dag.py
[2025-12-17T23:16:43.871+0000] {processor.py:840} INFO - DAG(s) 'grocery_ingest_dag' retrieved from /opt/airflow/dags/grocery_ingest_dag.py
[2025-12-17T23:16:43.926+0000] {logging_mixin.py:188} INFO - [2025-12-17T23:16:43.926+0000] {dag.py:3089} INFO - Sync 1 DAGs
[2025-12-17T23:16:43.943+0000] {logging_mixin.py:188} INFO - [2025-12-17T23:16:43.943+0000] {dag.py:3947} INFO - Setting next_dagrun for grocery_ingest_dag to None, run_after=None
[2025-12-17T23:16:43.976+0000] {processor.py:183} INFO - Processing /opt/airflow/dags/grocery_ingest_dag.py took 0.282 seconds
[2025-12-17T23:17:14.832+0000] {processor.py:161} INFO - Started process (PID=959) to work on /opt/airflow/dags/grocery_ingest_dag.py
[2025-12-17T23:17:14.833+0000] {processor.py:830} INFO - Processing file /opt/airflow/dags/grocery_ingest_dag.py for tasks to queue
[2025-12-17T23:17:14.835+0000] {logging_mixin.py:188} INFO - [2025-12-17T23:17:14.835+0000] {dagbag.py:545} INFO - Filling up the DagBag from /opt/airflow/dags/grocery_ingest_dag.py
[2025-12-17T23:17:14.900+0000] {processor.py:840} INFO - DAG(s) 'grocery_ingest_dag' retrieved from /opt/airflow/dags/grocery_ingest_dag.py
[2025-12-17T23:17:14.941+0000] {logging_mixin.py:188} INFO - [2025-12-17T23:17:14.941+0000] {dag.py:3089} INFO - Sync 1 DAGs
[2025-12-17T23:17:14.957+0000] {logging_mixin.py:188} INFO - [2025-12-17T23:17:14.957+0000] {dag.py:3947} INFO - Setting next_dagrun for grocery_ingest_dag to None, run_after=None
[2025-12-17T23:17:14.987+0000] {processor.py:183} INFO - Processing /opt/airflow/dags/grocery_ingest_dag.py took 0.159 seconds
[2025-12-17T23:17:46.535+0000] {processor.py:161} INFO - Started process (PID=987) to work on /opt/airflow/dags/grocery_ingest_dag.py
[2025-12-17T23:17:46.537+0000] {processor.py:830} INFO - Processing file /opt/airflow/dags/grocery_ingest_dag.py for tasks to queue
[2025-12-17T23:17:46.539+0000] {logging_mixin.py:188} INFO - [2025-12-17T23:17:46.539+0000] {dagbag.py:545} INFO - Filling up the DagBag from /opt/airflow/dags/grocery_ingest_dag.py
[2025-12-17T23:17:46.748+0000] {processor.py:840} INFO - DAG(s) 'grocery_ingest_dag' retrieved from /opt/airflow/dags/grocery_ingest_dag.py
[2025-12-17T23:17:46.868+0000] {logging_mixin.py:188} INFO - [2025-12-17T23:17:46.867+0000] {dag.py:3089} INFO - Sync 1 DAGs
[2025-12-17T23:17:46.899+0000] {logging_mixin.py:188} INFO - [2025-12-17T23:17:46.899+0000] {dag.py:3947} INFO - Setting next_dagrun for grocery_ingest_dag to None, run_after=None
[2025-12-17T23:17:46.935+0000] {processor.py:183} INFO - Processing /opt/airflow/dags/grocery_ingest_dag.py took 0.385 seconds
[2025-12-17T23:18:17.016+0000] {processor.py:161} INFO - Started process (PID=1019) to work on /opt/airflow/dags/grocery_ingest_dag.py
[2025-12-17T23:18:17.017+0000] {processor.py:830} INFO - Processing file /opt/airflow/dags/grocery_ingest_dag.py for tasks to queue
[2025-12-17T23:18:17.019+0000] {logging_mixin.py:188} INFO - [2025-12-17T23:18:17.019+0000] {dagbag.py:545} INFO - Filling up the DagBag from /opt/airflow/dags/grocery_ingest_dag.py
[2025-12-17T23:18:17.108+0000] {processor.py:840} INFO - DAG(s) 'grocery_ingest_dag' retrieved from /opt/airflow/dags/grocery_ingest_dag.py
[2025-12-17T23:18:17.152+0000] {logging_mixin.py:188} INFO - [2025-12-17T23:18:17.152+0000] {dag.py:3089} INFO - Sync 1 DAGs
[2025-12-17T23:18:17.176+0000] {logging_mixin.py:188} INFO - [2025-12-17T23:18:17.175+0000] {dag.py:3947} INFO - Setting next_dagrun for grocery_ingest_dag to None, run_after=None
[2025-12-17T23:18:17.209+0000] {processor.py:183} INFO - Processing /opt/airflow/dags/grocery_ingest_dag.py took 0.198 seconds
[2025-12-17T23:18:48.557+0000] {processor.py:161} INFO - Started process (PID=1049) to work on /opt/airflow/dags/grocery_ingest_dag.py
[2025-12-17T23:18:48.560+0000] {processor.py:830} INFO - Processing file /opt/airflow/dags/grocery_ingest_dag.py for tasks to queue
[2025-12-17T23:18:48.566+0000] {logging_mixin.py:188} INFO - [2025-12-17T23:18:48.564+0000] {dagbag.py:545} INFO - Filling up the DagBag from /opt/airflow/dags/grocery_ingest_dag.py
[2025-12-17T23:18:48.687+0000] {processor.py:840} INFO - DAG(s) 'grocery_ingest_dag' retrieved from /opt/airflow/dags/grocery_ingest_dag.py
[2025-12-17T23:18:48.741+0000] {logging_mixin.py:188} INFO - [2025-12-17T23:18:48.741+0000] {dag.py:3089} INFO - Sync 1 DAGs
[2025-12-17T23:18:48.770+0000] {logging_mixin.py:188} INFO - [2025-12-17T23:18:48.770+0000] {dag.py:3947} INFO - Setting next_dagrun for grocery_ingest_dag to None, run_after=None
[2025-12-17T23:18:48.828+0000] {processor.py:183} INFO - Processing /opt/airflow/dags/grocery_ingest_dag.py took 0.284 seconds
[2025-12-17T23:19:19.600+0000] {processor.py:161} INFO - Started process (PID=1079) to work on /opt/airflow/dags/grocery_ingest_dag.py
[2025-12-17T23:19:19.604+0000] {processor.py:830} INFO - Processing file /opt/airflow/dags/grocery_ingest_dag.py for tasks to queue
[2025-12-17T23:19:19.608+0000] {logging_mixin.py:188} INFO - [2025-12-17T23:19:19.608+0000] {dagbag.py:545} INFO - Filling up the DagBag from /opt/airflow/dags/grocery_ingest_dag.py
[2025-12-17T23:19:19.692+0000] {processor.py:840} INFO - DAG(s) 'grocery_ingest_dag' retrieved from /opt/airflow/dags/grocery_ingest_dag.py
[2025-12-17T23:19:19.766+0000] {logging_mixin.py:188} INFO - [2025-12-17T23:19:19.765+0000] {dag.py:3089} INFO - Sync 1 DAGs
[2025-12-17T23:19:19.793+0000] {logging_mixin.py:188} INFO - [2025-12-17T23:19:19.793+0000] {dag.py:3947} INFO - Setting next_dagrun for grocery_ingest_dag to None, run_after=None
[2025-12-17T23:19:19.819+0000] {processor.py:183} INFO - Processing /opt/airflow/dags/grocery_ingest_dag.py took 0.226 seconds
[2025-12-17T23:19:50.558+0000] {processor.py:161} INFO - Started process (PID=1109) to work on /opt/airflow/dags/grocery_ingest_dag.py
[2025-12-17T23:19:50.561+0000] {processor.py:830} INFO - Processing file /opt/airflow/dags/grocery_ingest_dag.py for tasks to queue
[2025-12-17T23:19:50.564+0000] {logging_mixin.py:188} INFO - [2025-12-17T23:19:50.563+0000] {dagbag.py:545} INFO - Filling up the DagBag from /opt/airflow/dags/grocery_ingest_dag.py
[2025-12-17T23:19:50.638+0000] {processor.py:840} INFO - DAG(s) 'grocery_ingest_dag' retrieved from /opt/airflow/dags/grocery_ingest_dag.py
[2025-12-17T23:19:50.681+0000] {logging_mixin.py:188} INFO - [2025-12-17T23:19:50.681+0000] {dag.py:3089} INFO - Sync 1 DAGs
[2025-12-17T23:19:50.703+0000] {logging_mixin.py:188} INFO - [2025-12-17T23:19:50.703+0000] {dag.py:3947} INFO - Setting next_dagrun for grocery_ingest_dag to None, run_after=None
[2025-12-17T23:19:50.740+0000] {processor.py:183} INFO - Processing /opt/airflow/dags/grocery_ingest_dag.py took 0.186 seconds
[2025-12-17T23:20:20.835+0000] {processor.py:161} INFO - Started process (PID=1139) to work on /opt/airflow/dags/grocery_ingest_dag.py
[2025-12-17T23:20:20.837+0000] {processor.py:830} INFO - Processing file /opt/airflow/dags/grocery_ingest_dag.py for tasks to queue
[2025-12-17T23:20:20.839+0000] {logging_mixin.py:188} INFO - [2025-12-17T23:20:20.839+0000] {dagbag.py:545} INFO - Filling up the DagBag from /opt/airflow/dags/grocery_ingest_dag.py
[2025-12-17T23:20:20.928+0000] {processor.py:840} INFO - DAG(s) 'grocery_ingest_dag' retrieved from /opt/airflow/dags/grocery_ingest_dag.py
[2025-12-17T23:20:20.987+0000] {logging_mixin.py:188} INFO - [2025-12-17T23:20:20.986+0000] {dag.py:3089} INFO - Sync 1 DAGs
[2025-12-17T23:20:21.008+0000] {logging_mixin.py:188} INFO - [2025-12-17T23:20:21.008+0000] {dag.py:3947} INFO - Setting next_dagrun for grocery_ingest_dag to None, run_after=None
[2025-12-17T23:20:21.037+0000] {processor.py:183} INFO - Processing /opt/airflow/dags/grocery_ingest_dag.py took 0.206 seconds
[2025-12-17T23:20:51.884+0000] {processor.py:161} INFO - Started process (PID=1169) to work on /opt/airflow/dags/grocery_ingest_dag.py
[2025-12-17T23:20:51.886+0000] {processor.py:830} INFO - Processing file /opt/airflow/dags/grocery_ingest_dag.py for tasks to queue
[2025-12-17T23:20:51.888+0000] {logging_mixin.py:188} INFO - [2025-12-17T23:20:51.887+0000] {dagbag.py:545} INFO - Filling up the DagBag from /opt/airflow/dags/grocery_ingest_dag.py
[2025-12-17T23:20:51.962+0000] {processor.py:840} INFO - DAG(s) 'grocery_ingest_dag' retrieved from /opt/airflow/dags/grocery_ingest_dag.py
[2025-12-17T23:20:52.006+0000] {logging_mixin.py:188} INFO - [2025-12-17T23:20:52.006+0000] {dag.py:3089} INFO - Sync 1 DAGs
[2025-12-17T23:20:52.030+0000] {logging_mixin.py:188} INFO - [2025-12-17T23:20:52.029+0000] {dag.py:3947} INFO - Setting next_dagrun for grocery_ingest_dag to None, run_after=None
[2025-12-17T23:20:52.058+0000] {processor.py:183} INFO - Processing /opt/airflow/dags/grocery_ingest_dag.py took 0.179 seconds
[2025-12-17T23:21:22.729+0000] {processor.py:161} INFO - Started process (PID=1197) to work on /opt/airflow/dags/grocery_ingest_dag.py
[2025-12-17T23:21:22.731+0000] {processor.py:830} INFO - Processing file /opt/airflow/dags/grocery_ingest_dag.py for tasks to queue
[2025-12-17T23:21:22.732+0000] {logging_mixin.py:188} INFO - [2025-12-17T23:21:22.732+0000] {dagbag.py:545} INFO - Filling up the DagBag from /opt/airflow/dags/grocery_ingest_dag.py
[2025-12-17T23:21:22.793+0000] {processor.py:840} INFO - DAG(s) 'grocery_ingest_dag' retrieved from /opt/airflow/dags/grocery_ingest_dag.py
[2025-12-17T23:21:22.844+0000] {logging_mixin.py:188} INFO - [2025-12-17T23:21:22.844+0000] {dag.py:3089} INFO - Sync 1 DAGs
[2025-12-17T23:21:22.864+0000] {logging_mixin.py:188} INFO - [2025-12-17T23:21:22.864+0000] {dag.py:3947} INFO - Setting next_dagrun for grocery_ingest_dag to None, run_after=None
[2025-12-17T23:21:22.899+0000] {processor.py:183} INFO - Processing /opt/airflow/dags/grocery_ingest_dag.py took 0.174 seconds
