[2025-12-17T22:58:31.206+0000] {processor.py:161} INFO - Started process (PID=174) to work on /opt/airflow/dags/grocery_enrich_dag.py
[2025-12-17T22:58:31.214+0000] {processor.py:830} INFO - Processing file /opt/airflow/dags/grocery_enrich_dag.py for tasks to queue
[2025-12-17T22:58:31.224+0000] {logging_mixin.py:188} INFO - [2025-12-17T22:58:31.221+0000] {dagbag.py:545} INFO - Filling up the DagBag from /opt/airflow/dags/grocery_enrich_dag.py
[2025-12-17T22:58:32.221+0000] {processor.py:840} INFO - DAG(s) 'grocery_enrich_dag' retrieved from /opt/airflow/dags/grocery_enrich_dag.py
[2025-12-17T22:58:32.431+0000] {logging_mixin.py:188} INFO - [2025-12-17T22:58:32.430+0000] {override.py:1858} INFO - Created Permission View: can edit on DAG:grocery_enrich_dag
[2025-12-17T22:58:32.450+0000] {logging_mixin.py:188} INFO - [2025-12-17T22:58:32.449+0000] {override.py:1858} INFO - Created Permission View: can read on DAG:grocery_enrich_dag
[2025-12-17T22:58:32.458+0000] {logging_mixin.py:188} INFO - [2025-12-17T22:58:32.458+0000] {override.py:1858} INFO - Created Permission View: can delete on DAG:grocery_enrich_dag
[2025-12-17T22:58:32.459+0000] {logging_mixin.py:188} INFO - [2025-12-17T22:58:32.459+0000] {dag.py:3089} INFO - Sync 1 DAGs
[2025-12-17T22:58:32.493+0000] {logging_mixin.py:188} INFO - [2025-12-17T22:58:32.492+0000] {dag.py:3111} INFO - Creating ORM DAG for grocery_enrich_dag
[2025-12-17T22:58:32.495+0000] {logging_mixin.py:188} INFO - [2025-12-17T22:58:32.494+0000] {dag.py:3947} INFO - Setting next_dagrun for grocery_enrich_dag to None, run_after=None
[2025-12-17T22:58:32.556+0000] {processor.py:183} INFO - Processing /opt/airflow/dags/grocery_enrich_dag.py took 1.391 seconds
[2025-12-17T22:59:03.551+0000] {processor.py:161} INFO - Started process (PID=204) to work on /opt/airflow/dags/grocery_enrich_dag.py
[2025-12-17T22:59:03.554+0000] {processor.py:830} INFO - Processing file /opt/airflow/dags/grocery_enrich_dag.py for tasks to queue
[2025-12-17T22:59:03.561+0000] {logging_mixin.py:188} INFO - [2025-12-17T22:59:03.561+0000] {dagbag.py:545} INFO - Filling up the DagBag from /opt/airflow/dags/grocery_enrich_dag.py
[2025-12-17T22:59:03.926+0000] {processor.py:840} INFO - DAG(s) 'grocery_enrich_dag' retrieved from /opt/airflow/dags/grocery_enrich_dag.py
[2025-12-17T22:59:03.975+0000] {logging_mixin.py:188} INFO - [2025-12-17T22:59:03.975+0000] {dag.py:3089} INFO - Sync 1 DAGs
[2025-12-17T22:59:03.995+0000] {logging_mixin.py:188} INFO - [2025-12-17T22:59:03.995+0000] {dag.py:3947} INFO - Setting next_dagrun for grocery_enrich_dag to None, run_after=None
[2025-12-17T22:59:04.027+0000] {processor.py:183} INFO - Processing /opt/airflow/dags/grocery_enrich_dag.py took 0.500 seconds
[2025-12-17T22:59:39.074+0000] {processor.py:161} INFO - Started process (PID=234) to work on /opt/airflow/dags/grocery_enrich_dag.py
[2025-12-17T22:59:39.099+0000] {processor.py:830} INFO - Processing file /opt/airflow/dags/grocery_enrich_dag.py for tasks to queue
[2025-12-17T22:59:39.108+0000] {logging_mixin.py:188} INFO - [2025-12-17T22:59:39.107+0000] {dagbag.py:545} INFO - Filling up the DagBag from /opt/airflow/dags/grocery_enrich_dag.py
[2025-12-17T22:59:39.708+0000] {processor.py:840} INFO - DAG(s) 'grocery_enrich_dag' retrieved from /opt/airflow/dags/grocery_enrich_dag.py
[2025-12-17T22:59:39.832+0000] {logging_mixin.py:188} INFO - [2025-12-17T22:59:39.832+0000] {dag.py:3089} INFO - Sync 1 DAGs
[2025-12-17T22:59:39.872+0000] {logging_mixin.py:188} INFO - [2025-12-17T22:59:39.872+0000] {dag.py:3947} INFO - Setting next_dagrun for grocery_enrich_dag to None, run_after=None
[2025-12-17T22:59:39.911+0000] {processor.py:183} INFO - Processing /opt/airflow/dags/grocery_enrich_dag.py took 0.862 seconds
[2025-12-17T23:00:13.806+0000] {processor.py:161} INFO - Started process (PID=264) to work on /opt/airflow/dags/grocery_enrich_dag.py
[2025-12-17T23:00:13.808+0000] {processor.py:830} INFO - Processing file /opt/airflow/dags/grocery_enrich_dag.py for tasks to queue
[2025-12-17T23:00:13.814+0000] {logging_mixin.py:188} INFO - [2025-12-17T23:00:13.813+0000] {dagbag.py:545} INFO - Filling up the DagBag from /opt/airflow/dags/grocery_enrich_dag.py
[2025-12-17T23:00:14.165+0000] {processor.py:840} INFO - DAG(s) 'grocery_enrich_dag' retrieved from /opt/airflow/dags/grocery_enrich_dag.py
[2025-12-17T23:00:14.229+0000] {logging_mixin.py:188} INFO - [2025-12-17T23:00:14.229+0000] {dag.py:3089} INFO - Sync 1 DAGs
[2025-12-17T23:00:14.261+0000] {logging_mixin.py:188} INFO - [2025-12-17T23:00:14.261+0000] {dag.py:3947} INFO - Setting next_dagrun for grocery_enrich_dag to None, run_after=None
[2025-12-17T23:00:14.321+0000] {processor.py:183} INFO - Processing /opt/airflow/dags/grocery_enrich_dag.py took 0.527 seconds
[2025-12-17T23:00:45.588+0000] {processor.py:161} INFO - Started process (PID=294) to work on /opt/airflow/dags/grocery_enrich_dag.py
[2025-12-17T23:00:45.590+0000] {processor.py:830} INFO - Processing file /opt/airflow/dags/grocery_enrich_dag.py for tasks to queue
[2025-12-17T23:00:45.592+0000] {logging_mixin.py:188} INFO - [2025-12-17T23:00:45.591+0000] {dagbag.py:545} INFO - Filling up the DagBag from /opt/airflow/dags/grocery_enrich_dag.py
[2025-12-17T23:00:45.688+0000] {processor.py:840} INFO - DAG(s) 'grocery_enrich_dag' retrieved from /opt/airflow/dags/grocery_enrich_dag.py
[2025-12-17T23:00:45.721+0000] {logging_mixin.py:188} INFO - [2025-12-17T23:00:45.721+0000] {dag.py:3089} INFO - Sync 1 DAGs
[2025-12-17T23:00:45.736+0000] {logging_mixin.py:188} INFO - [2025-12-17T23:00:45.735+0000] {dag.py:3947} INFO - Setting next_dagrun for grocery_enrich_dag to None, run_after=None
[2025-12-17T23:00:45.757+0000] {processor.py:183} INFO - Processing /opt/airflow/dags/grocery_enrich_dag.py took 0.180 seconds
[2025-12-17T23:01:17.123+0000] {processor.py:161} INFO - Started process (PID=324) to work on /opt/airflow/dags/grocery_enrich_dag.py
[2025-12-17T23:01:17.128+0000] {processor.py:830} INFO - Processing file /opt/airflow/dags/grocery_enrich_dag.py for tasks to queue
[2025-12-17T23:01:17.135+0000] {logging_mixin.py:188} INFO - [2025-12-17T23:01:17.134+0000] {dagbag.py:545} INFO - Filling up the DagBag from /opt/airflow/dags/grocery_enrich_dag.py
[2025-12-17T23:01:17.273+0000] {processor.py:840} INFO - DAG(s) 'grocery_enrich_dag' retrieved from /opt/airflow/dags/grocery_enrich_dag.py
[2025-12-17T23:01:17.390+0000] {logging_mixin.py:188} INFO - [2025-12-17T23:01:17.390+0000] {dag.py:3089} INFO - Sync 1 DAGs
[2025-12-17T23:01:17.477+0000] {logging_mixin.py:188} INFO - [2025-12-17T23:01:17.476+0000] {dag.py:3947} INFO - Setting next_dagrun for grocery_enrich_dag to None, run_after=None
[2025-12-17T23:01:17.574+0000] {processor.py:183} INFO - Processing /opt/airflow/dags/grocery_enrich_dag.py took 0.460 seconds
[2025-12-17T23:03:34.293+0000] {processor.py:161} INFO - Started process (PID=174) to work on /opt/airflow/dags/grocery_enrich_dag.py
[2025-12-17T23:03:34.314+0000] {processor.py:830} INFO - Processing file /opt/airflow/dags/grocery_enrich_dag.py for tasks to queue
[2025-12-17T23:03:34.369+0000] {logging_mixin.py:188} INFO - [2025-12-17T23:03:34.365+0000] {dagbag.py:545} INFO - Filling up the DagBag from /opt/airflow/dags/grocery_enrich_dag.py
[2025-12-17T23:03:37.289+0000] {processor.py:840} INFO - DAG(s) 'grocery_enrich_dag' retrieved from /opt/airflow/dags/grocery_enrich_dag.py
[2025-12-17T23:03:37.693+0000] {logging_mixin.py:188} INFO - [2025-12-17T23:03:37.692+0000] {dag.py:3089} INFO - Sync 1 DAGs
[2025-12-17T23:03:37.745+0000] {logging_mixin.py:188} INFO - [2025-12-17T23:03:37.745+0000] {dag.py:3947} INFO - Setting next_dagrun for grocery_enrich_dag to None, run_after=None
[2025-12-17T23:03:37.838+0000] {processor.py:183} INFO - Processing /opt/airflow/dags/grocery_enrich_dag.py took 3.603 seconds
[2025-12-17T23:04:08.769+0000] {processor.py:161} INFO - Started process (PID=204) to work on /opt/airflow/dags/grocery_enrich_dag.py
[2025-12-17T23:04:08.789+0000] {processor.py:830} INFO - Processing file /opt/airflow/dags/grocery_enrich_dag.py for tasks to queue
[2025-12-17T23:04:08.828+0000] {logging_mixin.py:188} INFO - [2025-12-17T23:04:08.822+0000] {dagbag.py:545} INFO - Filling up the DagBag from /opt/airflow/dags/grocery_enrich_dag.py
[2025-12-17T23:04:11.098+0000] {processor.py:840} INFO - DAG(s) 'grocery_enrich_dag' retrieved from /opt/airflow/dags/grocery_enrich_dag.py
[2025-12-17T23:04:11.273+0000] {logging_mixin.py:188} INFO - [2025-12-17T23:04:11.272+0000] {dag.py:3089} INFO - Sync 1 DAGs
[2025-12-17T23:04:11.322+0000] {logging_mixin.py:188} INFO - [2025-12-17T23:04:11.321+0000] {dag.py:3947} INFO - Setting next_dagrun for grocery_enrich_dag to None, run_after=None
[2025-12-17T23:04:11.416+0000] {processor.py:183} INFO - Processing /opt/airflow/dags/grocery_enrich_dag.py took 2.706 seconds
[2025-12-17T23:04:42.954+0000] {processor.py:161} INFO - Started process (PID=234) to work on /opt/airflow/dags/grocery_enrich_dag.py
[2025-12-17T23:04:42.962+0000] {processor.py:830} INFO - Processing file /opt/airflow/dags/grocery_enrich_dag.py for tasks to queue
[2025-12-17T23:04:42.982+0000] {logging_mixin.py:188} INFO - [2025-12-17T23:04:42.982+0000] {dagbag.py:545} INFO - Filling up the DagBag from /opt/airflow/dags/grocery_enrich_dag.py
[2025-12-17T23:04:43.396+0000] {processor.py:840} INFO - DAG(s) 'grocery_enrich_dag' retrieved from /opt/airflow/dags/grocery_enrich_dag.py
[2025-12-17T23:04:43.454+0000] {logging_mixin.py:188} INFO - [2025-12-17T23:04:43.454+0000] {dag.py:3089} INFO - Sync 1 DAGs
[2025-12-17T23:04:43.477+0000] {logging_mixin.py:188} INFO - [2025-12-17T23:04:43.477+0000] {dag.py:3947} INFO - Setting next_dagrun for grocery_enrich_dag to None, run_after=None
[2025-12-17T23:04:43.513+0000] {processor.py:183} INFO - Processing /opt/airflow/dags/grocery_enrich_dag.py took 0.609 seconds
[2025-12-17T23:05:15.341+0000] {processor.py:161} INFO - Started process (PID=264) to work on /opt/airflow/dags/grocery_enrich_dag.py
[2025-12-17T23:05:15.343+0000] {processor.py:830} INFO - Processing file /opt/airflow/dags/grocery_enrich_dag.py for tasks to queue
[2025-12-17T23:05:15.345+0000] {logging_mixin.py:188} INFO - [2025-12-17T23:05:15.345+0000] {dagbag.py:545} INFO - Filling up the DagBag from /opt/airflow/dags/grocery_enrich_dag.py
[2025-12-17T23:05:15.545+0000] {processor.py:840} INFO - DAG(s) 'grocery_enrich_dag' retrieved from /opt/airflow/dags/grocery_enrich_dag.py
[2025-12-17T23:05:15.595+0000] {logging_mixin.py:188} INFO - [2025-12-17T23:05:15.595+0000] {dag.py:3089} INFO - Sync 1 DAGs
[2025-12-17T23:05:15.628+0000] {logging_mixin.py:188} INFO - [2025-12-17T23:05:15.627+0000] {dag.py:3947} INFO - Setting next_dagrun for grocery_enrich_dag to None, run_after=None
[2025-12-17T23:05:15.707+0000] {processor.py:183} INFO - Processing /opt/airflow/dags/grocery_enrich_dag.py took 0.380 seconds
[2025-12-17T23:05:46.427+0000] {processor.py:161} INFO - Started process (PID=294) to work on /opt/airflow/dags/grocery_enrich_dag.py
[2025-12-17T23:05:46.429+0000] {processor.py:830} INFO - Processing file /opt/airflow/dags/grocery_enrich_dag.py for tasks to queue
[2025-12-17T23:05:46.431+0000] {logging_mixin.py:188} INFO - [2025-12-17T23:05:46.431+0000] {dagbag.py:545} INFO - Filling up the DagBag from /opt/airflow/dags/grocery_enrich_dag.py
[2025-12-17T23:05:46.627+0000] {processor.py:840} INFO - DAG(s) 'grocery_enrich_dag' retrieved from /opt/airflow/dags/grocery_enrich_dag.py
[2025-12-17T23:05:46.677+0000] {logging_mixin.py:188} INFO - [2025-12-17T23:05:46.677+0000] {dag.py:3089} INFO - Sync 1 DAGs
[2025-12-17T23:05:46.704+0000] {logging_mixin.py:188} INFO - [2025-12-17T23:05:46.703+0000] {dag.py:3947} INFO - Setting next_dagrun for grocery_enrich_dag to None, run_after=None
[2025-12-17T23:05:46.797+0000] {processor.py:183} INFO - Processing /opt/airflow/dags/grocery_enrich_dag.py took 0.376 seconds
[2025-12-17T23:06:17.535+0000] {processor.py:161} INFO - Started process (PID=324) to work on /opt/airflow/dags/grocery_enrich_dag.py
[2025-12-17T23:06:17.537+0000] {processor.py:830} INFO - Processing file /opt/airflow/dags/grocery_enrich_dag.py for tasks to queue
[2025-12-17T23:06:17.540+0000] {logging_mixin.py:188} INFO - [2025-12-17T23:06:17.540+0000] {dagbag.py:545} INFO - Filling up the DagBag from /opt/airflow/dags/grocery_enrich_dag.py
[2025-12-17T23:06:17.807+0000] {processor.py:840} INFO - DAG(s) 'grocery_enrich_dag' retrieved from /opt/airflow/dags/grocery_enrich_dag.py
[2025-12-17T23:06:17.888+0000] {logging_mixin.py:188} INFO - [2025-12-17T23:06:17.887+0000] {dag.py:3089} INFO - Sync 1 DAGs
[2025-12-17T23:06:17.908+0000] {logging_mixin.py:188} INFO - [2025-12-17T23:06:17.908+0000] {dag.py:3947} INFO - Setting next_dagrun for grocery_enrich_dag to None, run_after=None
[2025-12-17T23:06:18.016+0000] {processor.py:183} INFO - Processing /opt/airflow/dags/grocery_enrich_dag.py took 0.486 seconds
[2025-12-17T23:06:49.647+0000] {processor.py:161} INFO - Started process (PID=354) to work on /opt/airflow/dags/grocery_enrich_dag.py
[2025-12-17T23:06:49.651+0000] {processor.py:830} INFO - Processing file /opt/airflow/dags/grocery_enrich_dag.py for tasks to queue
[2025-12-17T23:06:49.660+0000] {logging_mixin.py:188} INFO - [2025-12-17T23:06:49.659+0000] {dagbag.py:545} INFO - Filling up the DagBag from /opt/airflow/dags/grocery_enrich_dag.py
[2025-12-17T23:06:50.177+0000] {processor.py:840} INFO - DAG(s) 'grocery_enrich_dag' retrieved from /opt/airflow/dags/grocery_enrich_dag.py
[2025-12-17T23:06:50.424+0000] {logging_mixin.py:188} INFO - [2025-12-17T23:06:50.424+0000] {dag.py:3089} INFO - Sync 1 DAGs
[2025-12-17T23:06:50.521+0000] {logging_mixin.py:188} INFO - [2025-12-17T23:06:50.521+0000] {dag.py:3947} INFO - Setting next_dagrun for grocery_enrich_dag to None, run_after=None
[2025-12-17T23:06:50.699+0000] {processor.py:183} INFO - Processing /opt/airflow/dags/grocery_enrich_dag.py took 1.068 seconds
[2025-12-17T23:07:26.315+0000] {processor.py:161} INFO - Started process (PID=384) to work on /opt/airflow/dags/grocery_enrich_dag.py
[2025-12-17T23:07:26.324+0000] {processor.py:830} INFO - Processing file /opt/airflow/dags/grocery_enrich_dag.py for tasks to queue
[2025-12-17T23:07:26.343+0000] {logging_mixin.py:188} INFO - [2025-12-17T23:07:26.340+0000] {dagbag.py:545} INFO - Filling up the DagBag from /opt/airflow/dags/grocery_enrich_dag.py
[2025-12-17T23:07:27.064+0000] {processor.py:840} INFO - DAG(s) 'grocery_enrich_dag' retrieved from /opt/airflow/dags/grocery_enrich_dag.py
[2025-12-17T23:07:27.609+0000] {logging_mixin.py:188} INFO - [2025-12-17T23:07:27.605+0000] {dag.py:3089} INFO - Sync 1 DAGs
[2025-12-17T23:07:27.800+0000] {logging_mixin.py:188} INFO - [2025-12-17T23:07:27.800+0000] {dag.py:3947} INFO - Setting next_dagrun for grocery_enrich_dag to None, run_after=None
[2025-12-17T23:07:28.024+0000] {processor.py:183} INFO - Processing /opt/airflow/dags/grocery_enrich_dag.py took 1.836 seconds
[2025-12-17T23:07:58.485+0000] {processor.py:161} INFO - Started process (PID=414) to work on /opt/airflow/dags/grocery_enrich_dag.py
[2025-12-17T23:07:58.490+0000] {processor.py:830} INFO - Processing file /opt/airflow/dags/grocery_enrich_dag.py for tasks to queue
[2025-12-17T23:07:58.498+0000] {logging_mixin.py:188} INFO - [2025-12-17T23:07:58.497+0000] {dagbag.py:545} INFO - Filling up the DagBag from /opt/airflow/dags/grocery_enrich_dag.py
[2025-12-17T23:07:58.636+0000] {processor.py:840} INFO - DAG(s) 'grocery_enrich_dag' retrieved from /opt/airflow/dags/grocery_enrich_dag.py
[2025-12-17T23:07:58.738+0000] {logging_mixin.py:188} INFO - [2025-12-17T23:07:58.738+0000] {dag.py:3089} INFO - Sync 1 DAGs
[2025-12-17T23:07:58.761+0000] {logging_mixin.py:188} INFO - [2025-12-17T23:07:58.761+0000] {dag.py:3947} INFO - Setting next_dagrun for grocery_enrich_dag to None, run_after=None
[2025-12-17T23:07:58.805+0000] {processor.py:183} INFO - Processing /opt/airflow/dags/grocery_enrich_dag.py took 0.333 seconds
[2025-12-17T23:08:28.880+0000] {processor.py:161} INFO - Started process (PID=444) to work on /opt/airflow/dags/grocery_enrich_dag.py
[2025-12-17T23:08:28.881+0000] {processor.py:830} INFO - Processing file /opt/airflow/dags/grocery_enrich_dag.py for tasks to queue
[2025-12-17T23:08:28.883+0000] {logging_mixin.py:188} INFO - [2025-12-17T23:08:28.883+0000] {dagbag.py:545} INFO - Filling up the DagBag from /opt/airflow/dags/grocery_enrich_dag.py
[2025-12-17T23:08:28.938+0000] {processor.py:840} INFO - DAG(s) 'grocery_enrich_dag' retrieved from /opt/airflow/dags/grocery_enrich_dag.py
[2025-12-17T23:08:28.967+0000] {logging_mixin.py:188} INFO - [2025-12-17T23:08:28.967+0000] {dag.py:3089} INFO - Sync 1 DAGs
[2025-12-17T23:08:28.982+0000] {logging_mixin.py:188} INFO - [2025-12-17T23:08:28.982+0000] {dag.py:3947} INFO - Setting next_dagrun for grocery_enrich_dag to None, run_after=None
[2025-12-17T23:08:29.001+0000] {processor.py:183} INFO - Processing /opt/airflow/dags/grocery_enrich_dag.py took 0.125 seconds
[2025-12-17T23:08:59.656+0000] {processor.py:161} INFO - Started process (PID=474) to work on /opt/airflow/dags/grocery_enrich_dag.py
[2025-12-17T23:08:59.657+0000] {processor.py:830} INFO - Processing file /opt/airflow/dags/grocery_enrich_dag.py for tasks to queue
[2025-12-17T23:08:59.659+0000] {logging_mixin.py:188} INFO - [2025-12-17T23:08:59.658+0000] {dagbag.py:545} INFO - Filling up the DagBag from /opt/airflow/dags/grocery_enrich_dag.py
[2025-12-17T23:08:59.708+0000] {processor.py:840} INFO - DAG(s) 'grocery_enrich_dag' retrieved from /opt/airflow/dags/grocery_enrich_dag.py
[2025-12-17T23:08:59.745+0000] {logging_mixin.py:188} INFO - [2025-12-17T23:08:59.745+0000] {dag.py:3089} INFO - Sync 1 DAGs
[2025-12-17T23:08:59.761+0000] {logging_mixin.py:188} INFO - [2025-12-17T23:08:59.761+0000] {dag.py:3947} INFO - Setting next_dagrun for grocery_enrich_dag to None, run_after=None
[2025-12-17T23:08:59.784+0000] {processor.py:183} INFO - Processing /opt/airflow/dags/grocery_enrich_dag.py took 0.132 seconds
[2025-12-17T23:09:30.401+0000] {processor.py:161} INFO - Started process (PID=504) to work on /opt/airflow/dags/grocery_enrich_dag.py
[2025-12-17T23:09:30.402+0000] {processor.py:830} INFO - Processing file /opt/airflow/dags/grocery_enrich_dag.py for tasks to queue
[2025-12-17T23:09:30.404+0000] {logging_mixin.py:188} INFO - [2025-12-17T23:09:30.403+0000] {dagbag.py:545} INFO - Filling up the DagBag from /opt/airflow/dags/grocery_enrich_dag.py
[2025-12-17T23:09:30.452+0000] {processor.py:840} INFO - DAG(s) 'grocery_enrich_dag' retrieved from /opt/airflow/dags/grocery_enrich_dag.py
[2025-12-17T23:09:30.483+0000] {logging_mixin.py:188} INFO - [2025-12-17T23:09:30.483+0000] {dag.py:3089} INFO - Sync 1 DAGs
[2025-12-17T23:09:30.497+0000] {logging_mixin.py:188} INFO - [2025-12-17T23:09:30.497+0000] {dag.py:3947} INFO - Setting next_dagrun for grocery_enrich_dag to None, run_after=None
[2025-12-17T23:09:30.518+0000] {processor.py:183} INFO - Processing /opt/airflow/dags/grocery_enrich_dag.py took 0.121 seconds
[2025-12-17T23:10:01.212+0000] {processor.py:161} INFO - Started process (PID=534) to work on /opt/airflow/dags/grocery_enrich_dag.py
[2025-12-17T23:10:01.213+0000] {processor.py:830} INFO - Processing file /opt/airflow/dags/grocery_enrich_dag.py for tasks to queue
[2025-12-17T23:10:01.215+0000] {logging_mixin.py:188} INFO - [2025-12-17T23:10:01.214+0000] {dagbag.py:545} INFO - Filling up the DagBag from /opt/airflow/dags/grocery_enrich_dag.py
[2025-12-17T23:10:01.263+0000] {processor.py:840} INFO - DAG(s) 'grocery_enrich_dag' retrieved from /opt/airflow/dags/grocery_enrich_dag.py
[2025-12-17T23:10:01.295+0000] {logging_mixin.py:188} INFO - [2025-12-17T23:10:01.294+0000] {dag.py:3089} INFO - Sync 1 DAGs
[2025-12-17T23:10:01.309+0000] {logging_mixin.py:188} INFO - [2025-12-17T23:10:01.309+0000] {dag.py:3947} INFO - Setting next_dagrun for grocery_enrich_dag to None, run_after=None
[2025-12-17T23:10:01.332+0000] {processor.py:183} INFO - Processing /opt/airflow/dags/grocery_enrich_dag.py took 0.123 seconds
[2025-12-17T23:10:31.878+0000] {processor.py:161} INFO - Started process (PID=564) to work on /opt/airflow/dags/grocery_enrich_dag.py
[2025-12-17T23:10:31.879+0000] {processor.py:830} INFO - Processing file /opt/airflow/dags/grocery_enrich_dag.py for tasks to queue
[2025-12-17T23:10:31.881+0000] {logging_mixin.py:188} INFO - [2025-12-17T23:10:31.880+0000] {dagbag.py:545} INFO - Filling up the DagBag from /opt/airflow/dags/grocery_enrich_dag.py
[2025-12-17T23:10:31.928+0000] {processor.py:840} INFO - DAG(s) 'grocery_enrich_dag' retrieved from /opt/airflow/dags/grocery_enrich_dag.py
[2025-12-17T23:10:31.958+0000] {logging_mixin.py:188} INFO - [2025-12-17T23:10:31.958+0000] {dag.py:3089} INFO - Sync 1 DAGs
[2025-12-17T23:10:31.972+0000] {logging_mixin.py:188} INFO - [2025-12-17T23:10:31.972+0000] {dag.py:3947} INFO - Setting next_dagrun for grocery_enrich_dag to None, run_after=None
[2025-12-17T23:10:31.993+0000] {processor.py:183} INFO - Processing /opt/airflow/dags/grocery_enrich_dag.py took 0.120 seconds
[2025-12-17T23:11:02.723+0000] {processor.py:161} INFO - Started process (PID=594) to work on /opt/airflow/dags/grocery_enrich_dag.py
[2025-12-17T23:11:02.725+0000] {processor.py:830} INFO - Processing file /opt/airflow/dags/grocery_enrich_dag.py for tasks to queue
[2025-12-17T23:11:02.726+0000] {logging_mixin.py:188} INFO - [2025-12-17T23:11:02.726+0000] {dagbag.py:545} INFO - Filling up the DagBag from /opt/airflow/dags/grocery_enrich_dag.py
[2025-12-17T23:11:02.776+0000] {processor.py:840} INFO - DAG(s) 'grocery_enrich_dag' retrieved from /opt/airflow/dags/grocery_enrich_dag.py
[2025-12-17T23:11:02.806+0000] {logging_mixin.py:188} INFO - [2025-12-17T23:11:02.806+0000] {dag.py:3089} INFO - Sync 1 DAGs
[2025-12-17T23:11:02.822+0000] {logging_mixin.py:188} INFO - [2025-12-17T23:11:02.822+0000] {dag.py:3947} INFO - Setting next_dagrun for grocery_enrich_dag to None, run_after=None
[2025-12-17T23:11:02.843+0000] {processor.py:183} INFO - Processing /opt/airflow/dags/grocery_enrich_dag.py took 0.124 seconds
[2025-12-17T23:11:33.536+0000] {processor.py:161} INFO - Started process (PID=624) to work on /opt/airflow/dags/grocery_enrich_dag.py
[2025-12-17T23:11:33.537+0000] {processor.py:830} INFO - Processing file /opt/airflow/dags/grocery_enrich_dag.py for tasks to queue
[2025-12-17T23:11:33.539+0000] {logging_mixin.py:188} INFO - [2025-12-17T23:11:33.539+0000] {dagbag.py:545} INFO - Filling up the DagBag from /opt/airflow/dags/grocery_enrich_dag.py
[2025-12-17T23:11:33.586+0000] {processor.py:840} INFO - DAG(s) 'grocery_enrich_dag' retrieved from /opt/airflow/dags/grocery_enrich_dag.py
[2025-12-17T23:11:33.616+0000] {logging_mixin.py:188} INFO - [2025-12-17T23:11:33.616+0000] {dag.py:3089} INFO - Sync 1 DAGs
[2025-12-17T23:11:33.632+0000] {logging_mixin.py:188} INFO - [2025-12-17T23:11:33.632+0000] {dag.py:3947} INFO - Setting next_dagrun for grocery_enrich_dag to None, run_after=None
[2025-12-17T23:11:33.652+0000] {processor.py:183} INFO - Processing /opt/airflow/dags/grocery_enrich_dag.py took 0.120 seconds
[2025-12-17T23:12:04.318+0000] {processor.py:161} INFO - Started process (PID=654) to work on /opt/airflow/dags/grocery_enrich_dag.py
[2025-12-17T23:12:04.320+0000] {processor.py:830} INFO - Processing file /opt/airflow/dags/grocery_enrich_dag.py for tasks to queue
[2025-12-17T23:12:04.321+0000] {logging_mixin.py:188} INFO - [2025-12-17T23:12:04.321+0000] {dagbag.py:545} INFO - Filling up the DagBag from /opt/airflow/dags/grocery_enrich_dag.py
[2025-12-17T23:12:04.368+0000] {processor.py:840} INFO - DAG(s) 'grocery_enrich_dag' retrieved from /opt/airflow/dags/grocery_enrich_dag.py
[2025-12-17T23:12:04.402+0000] {logging_mixin.py:188} INFO - [2025-12-17T23:12:04.402+0000] {dag.py:3089} INFO - Sync 1 DAGs
[2025-12-17T23:12:04.417+0000] {logging_mixin.py:188} INFO - [2025-12-17T23:12:04.417+0000] {dag.py:3947} INFO - Setting next_dagrun for grocery_enrich_dag to None, run_after=None
[2025-12-17T23:12:04.439+0000] {processor.py:183} INFO - Processing /opt/airflow/dags/grocery_enrich_dag.py took 0.125 seconds
[2025-12-17T23:12:35.423+0000] {processor.py:161} INFO - Started process (PID=684) to work on /opt/airflow/dags/grocery_enrich_dag.py
[2025-12-17T23:12:35.424+0000] {processor.py:830} INFO - Processing file /opt/airflow/dags/grocery_enrich_dag.py for tasks to queue
[2025-12-17T23:12:35.426+0000] {logging_mixin.py:188} INFO - [2025-12-17T23:12:35.426+0000] {dagbag.py:545} INFO - Filling up the DagBag from /opt/airflow/dags/grocery_enrich_dag.py
[2025-12-17T23:12:35.479+0000] {processor.py:840} INFO - DAG(s) 'grocery_enrich_dag' retrieved from /opt/airflow/dags/grocery_enrich_dag.py
[2025-12-17T23:12:35.531+0000] {logging_mixin.py:188} INFO - [2025-12-17T23:12:35.531+0000] {dag.py:3089} INFO - Sync 1 DAGs
[2025-12-17T23:12:35.546+0000] {logging_mixin.py:188} INFO - [2025-12-17T23:12:35.546+0000] {dag.py:3947} INFO - Setting next_dagrun for grocery_enrich_dag to None, run_after=None
[2025-12-17T23:12:35.567+0000] {processor.py:183} INFO - Processing /opt/airflow/dags/grocery_enrich_dag.py took 0.148 seconds
[2025-12-17T23:13:06.266+0000] {processor.py:161} INFO - Started process (PID=714) to work on /opt/airflow/dags/grocery_enrich_dag.py
[2025-12-17T23:13:06.267+0000] {processor.py:830} INFO - Processing file /opt/airflow/dags/grocery_enrich_dag.py for tasks to queue
[2025-12-17T23:13:06.269+0000] {logging_mixin.py:188} INFO - [2025-12-17T23:13:06.269+0000] {dagbag.py:545} INFO - Filling up the DagBag from /opt/airflow/dags/grocery_enrich_dag.py
[2025-12-17T23:13:06.320+0000] {processor.py:840} INFO - DAG(s) 'grocery_enrich_dag' retrieved from /opt/airflow/dags/grocery_enrich_dag.py
[2025-12-17T23:13:06.351+0000] {logging_mixin.py:188} INFO - [2025-12-17T23:13:06.351+0000] {dag.py:3089} INFO - Sync 1 DAGs
[2025-12-17T23:13:06.368+0000] {logging_mixin.py:188} INFO - [2025-12-17T23:13:06.368+0000] {dag.py:3947} INFO - Setting next_dagrun for grocery_enrich_dag to None, run_after=None
[2025-12-17T23:13:06.390+0000] {processor.py:183} INFO - Processing /opt/airflow/dags/grocery_enrich_dag.py took 0.127 seconds
[2025-12-17T23:13:37.314+0000] {processor.py:161} INFO - Started process (PID=744) to work on /opt/airflow/dags/grocery_enrich_dag.py
[2025-12-17T23:13:37.315+0000] {processor.py:830} INFO - Processing file /opt/airflow/dags/grocery_enrich_dag.py for tasks to queue
[2025-12-17T23:13:37.317+0000] {logging_mixin.py:188} INFO - [2025-12-17T23:13:37.317+0000] {dagbag.py:545} INFO - Filling up the DagBag from /opt/airflow/dags/grocery_enrich_dag.py
[2025-12-17T23:13:37.368+0000] {processor.py:840} INFO - DAG(s) 'grocery_enrich_dag' retrieved from /opt/airflow/dags/grocery_enrich_dag.py
[2025-12-17T23:13:37.400+0000] {logging_mixin.py:188} INFO - [2025-12-17T23:13:37.400+0000] {dag.py:3089} INFO - Sync 1 DAGs
[2025-12-17T23:13:37.415+0000] {logging_mixin.py:188} INFO - [2025-12-17T23:13:37.415+0000] {dag.py:3947} INFO - Setting next_dagrun for grocery_enrich_dag to None, run_after=None
[2025-12-17T23:13:37.438+0000] {processor.py:183} INFO - Processing /opt/airflow/dags/grocery_enrich_dag.py took 0.129 seconds
[2025-12-17T23:14:08.376+0000] {processor.py:161} INFO - Started process (PID=774) to work on /opt/airflow/dags/grocery_enrich_dag.py
[2025-12-17T23:14:08.377+0000] {processor.py:830} INFO - Processing file /opt/airflow/dags/grocery_enrich_dag.py for tasks to queue
[2025-12-17T23:14:08.380+0000] {logging_mixin.py:188} INFO - [2025-12-17T23:14:08.379+0000] {dagbag.py:545} INFO - Filling up the DagBag from /opt/airflow/dags/grocery_enrich_dag.py
[2025-12-17T23:14:08.458+0000] {processor.py:840} INFO - DAG(s) 'grocery_enrich_dag' retrieved from /opt/airflow/dags/grocery_enrich_dag.py
[2025-12-17T23:14:08.512+0000] {logging_mixin.py:188} INFO - [2025-12-17T23:14:08.512+0000] {dag.py:3089} INFO - Sync 1 DAGs
[2025-12-17T23:14:08.532+0000] {logging_mixin.py:188} INFO - [2025-12-17T23:14:08.532+0000] {dag.py:3947} INFO - Setting next_dagrun for grocery_enrich_dag to None, run_after=None
[2025-12-17T23:14:08.559+0000] {processor.py:183} INFO - Processing /opt/airflow/dags/grocery_enrich_dag.py took 0.188 seconds
[2025-12-17T23:14:39.462+0000] {processor.py:161} INFO - Started process (PID=804) to work on /opt/airflow/dags/grocery_enrich_dag.py
[2025-12-17T23:14:39.465+0000] {processor.py:830} INFO - Processing file /opt/airflow/dags/grocery_enrich_dag.py for tasks to queue
[2025-12-17T23:14:39.466+0000] {logging_mixin.py:188} INFO - [2025-12-17T23:14:39.466+0000] {dagbag.py:545} INFO - Filling up the DagBag from /opt/airflow/dags/grocery_enrich_dag.py
[2025-12-17T23:14:39.527+0000] {processor.py:840} INFO - DAG(s) 'grocery_enrich_dag' retrieved from /opt/airflow/dags/grocery_enrich_dag.py
[2025-12-17T23:14:39.569+0000] {logging_mixin.py:188} INFO - [2025-12-17T23:14:39.569+0000] {dag.py:3089} INFO - Sync 1 DAGs
[2025-12-17T23:14:39.590+0000] {logging_mixin.py:188} INFO - [2025-12-17T23:14:39.590+0000] {dag.py:3947} INFO - Setting next_dagrun for grocery_enrich_dag to None, run_after=None
[2025-12-17T23:14:39.623+0000] {processor.py:183} INFO - Processing /opt/airflow/dags/grocery_enrich_dag.py took 0.166 seconds
[2025-12-17T23:15:10.453+0000] {processor.py:161} INFO - Started process (PID=834) to work on /opt/airflow/dags/grocery_enrich_dag.py
[2025-12-17T23:15:10.454+0000] {processor.py:830} INFO - Processing file /opt/airflow/dags/grocery_enrich_dag.py for tasks to queue
[2025-12-17T23:15:10.456+0000] {logging_mixin.py:188} INFO - [2025-12-17T23:15:10.455+0000] {dagbag.py:545} INFO - Filling up the DagBag from /opt/airflow/dags/grocery_enrich_dag.py
[2025-12-17T23:15:10.510+0000] {processor.py:840} INFO - DAG(s) 'grocery_enrich_dag' retrieved from /opt/airflow/dags/grocery_enrich_dag.py
[2025-12-17T23:15:10.543+0000] {logging_mixin.py:188} INFO - [2025-12-17T23:15:10.543+0000] {dag.py:3089} INFO - Sync 1 DAGs
[2025-12-17T23:15:10.557+0000] {logging_mixin.py:188} INFO - [2025-12-17T23:15:10.557+0000] {dag.py:3947} INFO - Setting next_dagrun for grocery_enrich_dag to None, run_after=None
[2025-12-17T23:15:10.578+0000] {processor.py:183} INFO - Processing /opt/airflow/dags/grocery_enrich_dag.py took 0.129 seconds
[2025-12-17T23:15:41.452+0000] {processor.py:161} INFO - Started process (PID=864) to work on /opt/airflow/dags/grocery_enrich_dag.py
[2025-12-17T23:15:41.454+0000] {processor.py:830} INFO - Processing file /opt/airflow/dags/grocery_enrich_dag.py for tasks to queue
[2025-12-17T23:15:41.455+0000] {logging_mixin.py:188} INFO - [2025-12-17T23:15:41.455+0000] {dagbag.py:545} INFO - Filling up the DagBag from /opt/airflow/dags/grocery_enrich_dag.py
[2025-12-17T23:15:41.503+0000] {processor.py:840} INFO - DAG(s) 'grocery_enrich_dag' retrieved from /opt/airflow/dags/grocery_enrich_dag.py
[2025-12-17T23:15:41.535+0000] {logging_mixin.py:188} INFO - [2025-12-17T23:15:41.534+0000] {dag.py:3089} INFO - Sync 1 DAGs
[2025-12-17T23:15:41.549+0000] {logging_mixin.py:188} INFO - [2025-12-17T23:15:41.549+0000] {dag.py:3947} INFO - Setting next_dagrun for grocery_enrich_dag to None, run_after=None
[2025-12-17T23:15:41.570+0000] {processor.py:183} INFO - Processing /opt/airflow/dags/grocery_enrich_dag.py took 0.122 seconds
[2025-12-17T23:16:12.444+0000] {processor.py:161} INFO - Started process (PID=894) to work on /opt/airflow/dags/grocery_enrich_dag.py
[2025-12-17T23:16:12.446+0000] {processor.py:830} INFO - Processing file /opt/airflow/dags/grocery_enrich_dag.py for tasks to queue
[2025-12-17T23:16:12.448+0000] {logging_mixin.py:188} INFO - [2025-12-17T23:16:12.447+0000] {dagbag.py:545} INFO - Filling up the DagBag from /opt/airflow/dags/grocery_enrich_dag.py
[2025-12-17T23:16:12.498+0000] {processor.py:840} INFO - DAG(s) 'grocery_enrich_dag' retrieved from /opt/airflow/dags/grocery_enrich_dag.py
[2025-12-17T23:16:12.530+0000] {logging_mixin.py:188} INFO - [2025-12-17T23:16:12.530+0000] {dag.py:3089} INFO - Sync 1 DAGs
[2025-12-17T23:16:12.545+0000] {logging_mixin.py:188} INFO - [2025-12-17T23:16:12.545+0000] {dag.py:3947} INFO - Setting next_dagrun for grocery_enrich_dag to None, run_after=None
[2025-12-17T23:16:12.567+0000] {processor.py:183} INFO - Processing /opt/airflow/dags/grocery_enrich_dag.py took 0.126 seconds
[2025-12-17T23:16:43.536+0000] {processor.py:161} INFO - Started process (PID=924) to work on /opt/airflow/dags/grocery_enrich_dag.py
[2025-12-17T23:16:43.537+0000] {processor.py:830} INFO - Processing file /opt/airflow/dags/grocery_enrich_dag.py for tasks to queue
[2025-12-17T23:16:43.539+0000] {logging_mixin.py:188} INFO - [2025-12-17T23:16:43.539+0000] {dagbag.py:545} INFO - Filling up the DagBag from /opt/airflow/dags/grocery_enrich_dag.py
[2025-12-17T23:16:43.590+0000] {processor.py:840} INFO - DAG(s) 'grocery_enrich_dag' retrieved from /opt/airflow/dags/grocery_enrich_dag.py
[2025-12-17T23:16:43.626+0000] {logging_mixin.py:188} INFO - [2025-12-17T23:16:43.626+0000] {dag.py:3089} INFO - Sync 1 DAGs
[2025-12-17T23:16:43.641+0000] {logging_mixin.py:188} INFO - [2025-12-17T23:16:43.641+0000] {dag.py:3947} INFO - Setting next_dagrun for grocery_enrich_dag to None, run_after=None
[2025-12-17T23:16:43.663+0000] {processor.py:183} INFO - Processing /opt/airflow/dags/grocery_enrich_dag.py took 0.132 seconds
[2025-12-17T23:17:14.673+0000] {processor.py:161} INFO - Started process (PID=954) to work on /opt/airflow/dags/grocery_enrich_dag.py
[2025-12-17T23:17:14.675+0000] {processor.py:830} INFO - Processing file /opt/airflow/dags/grocery_enrich_dag.py for tasks to queue
[2025-12-17T23:17:14.676+0000] {logging_mixin.py:188} INFO - [2025-12-17T23:17:14.676+0000] {dagbag.py:545} INFO - Filling up the DagBag from /opt/airflow/dags/grocery_enrich_dag.py
[2025-12-17T23:17:14.736+0000] {processor.py:840} INFO - DAG(s) 'grocery_enrich_dag' retrieved from /opt/airflow/dags/grocery_enrich_dag.py
[2025-12-17T23:17:14.768+0000] {logging_mixin.py:188} INFO - [2025-12-17T23:17:14.768+0000] {dag.py:3089} INFO - Sync 1 DAGs
[2025-12-17T23:17:14.783+0000] {logging_mixin.py:188} INFO - [2025-12-17T23:17:14.783+0000] {dag.py:3947} INFO - Setting next_dagrun for grocery_enrich_dag to None, run_after=None
[2025-12-17T23:17:14.804+0000] {processor.py:183} INFO - Processing /opt/airflow/dags/grocery_enrich_dag.py took 0.136 seconds
[2025-12-17T23:17:46.375+0000] {processor.py:161} INFO - Started process (PID=984) to work on /opt/airflow/dags/grocery_enrich_dag.py
[2025-12-17T23:17:46.377+0000] {processor.py:830} INFO - Processing file /opt/airflow/dags/grocery_enrich_dag.py for tasks to queue
[2025-12-17T23:17:46.378+0000] {logging_mixin.py:188} INFO - [2025-12-17T23:17:46.378+0000] {dagbag.py:545} INFO - Filling up the DagBag from /opt/airflow/dags/grocery_enrich_dag.py
[2025-12-17T23:17:46.435+0000] {processor.py:840} INFO - DAG(s) 'grocery_enrich_dag' retrieved from /opt/airflow/dags/grocery_enrich_dag.py
[2025-12-17T23:17:46.478+0000] {logging_mixin.py:188} INFO - [2025-12-17T23:17:46.478+0000] {dag.py:3089} INFO - Sync 1 DAGs
[2025-12-17T23:17:46.496+0000] {logging_mixin.py:188} INFO - [2025-12-17T23:17:46.496+0000] {dag.py:3947} INFO - Setting next_dagrun for grocery_enrich_dag to None, run_after=None
[2025-12-17T23:17:46.521+0000] {processor.py:183} INFO - Processing /opt/airflow/dags/grocery_enrich_dag.py took 0.151 seconds
[2025-12-17T23:18:16.848+0000] {processor.py:161} INFO - Started process (PID=1014) to work on /opt/airflow/dags/grocery_enrich_dag.py
[2025-12-17T23:18:16.849+0000] {processor.py:830} INFO - Processing file /opt/airflow/dags/grocery_enrich_dag.py for tasks to queue
[2025-12-17T23:18:16.851+0000] {logging_mixin.py:188} INFO - [2025-12-17T23:18:16.851+0000] {dagbag.py:545} INFO - Filling up the DagBag from /opt/airflow/dags/grocery_enrich_dag.py
[2025-12-17T23:18:16.906+0000] {processor.py:840} INFO - DAG(s) 'grocery_enrich_dag' retrieved from /opt/airflow/dags/grocery_enrich_dag.py
[2025-12-17T23:18:16.943+0000] {logging_mixin.py:188} INFO - [2025-12-17T23:18:16.943+0000] {dag.py:3089} INFO - Sync 1 DAGs
[2025-12-17T23:18:16.959+0000] {logging_mixin.py:188} INFO - [2025-12-17T23:18:16.959+0000] {dag.py:3947} INFO - Setting next_dagrun for grocery_enrich_dag to None, run_after=None
[2025-12-17T23:18:16.982+0000] {processor.py:183} INFO - Processing /opt/airflow/dags/grocery_enrich_dag.py took 0.138 seconds
[2025-12-17T23:18:47.991+0000] {processor.py:161} INFO - Started process (PID=1044) to work on /opt/airflow/dags/grocery_enrich_dag.py
[2025-12-17T23:18:47.993+0000] {processor.py:830} INFO - Processing file /opt/airflow/dags/grocery_enrich_dag.py for tasks to queue
[2025-12-17T23:18:47.995+0000] {logging_mixin.py:188} INFO - [2025-12-17T23:18:47.994+0000] {dagbag.py:545} INFO - Filling up the DagBag from /opt/airflow/dags/grocery_enrich_dag.py
[2025-12-17T23:18:48.274+0000] {processor.py:840} INFO - DAG(s) 'grocery_enrich_dag' retrieved from /opt/airflow/dags/grocery_enrich_dag.py
[2025-12-17T23:18:48.388+0000] {logging_mixin.py:188} INFO - [2025-12-17T23:18:48.387+0000] {dag.py:3089} INFO - Sync 1 DAGs
[2025-12-17T23:18:48.428+0000] {logging_mixin.py:188} INFO - [2025-12-17T23:18:48.428+0000] {dag.py:3947} INFO - Setting next_dagrun for grocery_enrich_dag to None, run_after=None
[2025-12-17T23:18:48.481+0000] {processor.py:183} INFO - Processing /opt/airflow/dags/grocery_enrich_dag.py took 0.495 seconds
[2025-12-17T23:19:18.573+0000] {processor.py:161} INFO - Started process (PID=1074) to work on /opt/airflow/dags/grocery_enrich_dag.py
[2025-12-17T23:19:18.575+0000] {processor.py:830} INFO - Processing file /opt/airflow/dags/grocery_enrich_dag.py for tasks to queue
[2025-12-17T23:19:18.577+0000] {logging_mixin.py:188} INFO - [2025-12-17T23:19:18.577+0000] {dagbag.py:545} INFO - Filling up the DagBag from /opt/airflow/dags/grocery_enrich_dag.py
[2025-12-17T23:19:18.635+0000] {processor.py:840} INFO - DAG(s) 'grocery_enrich_dag' retrieved from /opt/airflow/dags/grocery_enrich_dag.py
[2025-12-17T23:19:18.680+0000] {logging_mixin.py:188} INFO - [2025-12-17T23:19:18.680+0000] {dag.py:3089} INFO - Sync 1 DAGs
[2025-12-17T23:19:18.695+0000] {logging_mixin.py:188} INFO - [2025-12-17T23:19:18.695+0000] {dag.py:3947} INFO - Setting next_dagrun for grocery_enrich_dag to None, run_after=None
[2025-12-17T23:19:18.715+0000] {processor.py:183} INFO - Processing /opt/airflow/dags/grocery_enrich_dag.py took 0.147 seconds
[2025-12-17T23:19:49.540+0000] {processor.py:161} INFO - Started process (PID=1104) to work on /opt/airflow/dags/grocery_enrich_dag.py
[2025-12-17T23:19:49.541+0000] {processor.py:830} INFO - Processing file /opt/airflow/dags/grocery_enrich_dag.py for tasks to queue
[2025-12-17T23:19:49.543+0000] {logging_mixin.py:188} INFO - [2025-12-17T23:19:49.542+0000] {dagbag.py:545} INFO - Filling up the DagBag from /opt/airflow/dags/grocery_enrich_dag.py
[2025-12-17T23:19:49.596+0000] {processor.py:840} INFO - DAG(s) 'grocery_enrich_dag' retrieved from /opt/airflow/dags/grocery_enrich_dag.py
[2025-12-17T23:19:49.633+0000] {logging_mixin.py:188} INFO - [2025-12-17T23:19:49.633+0000] {dag.py:3089} INFO - Sync 1 DAGs
[2025-12-17T23:19:49.650+0000] {logging_mixin.py:188} INFO - [2025-12-17T23:19:49.650+0000] {dag.py:3947} INFO - Setting next_dagrun for grocery_enrich_dag to None, run_after=None
[2025-12-17T23:19:49.675+0000] {processor.py:183} INFO - Processing /opt/airflow/dags/grocery_enrich_dag.py took 0.140 seconds
[2025-12-17T23:20:20.626+0000] {processor.py:161} INFO - Started process (PID=1134) to work on /opt/airflow/dags/grocery_enrich_dag.py
[2025-12-17T23:20:20.628+0000] {processor.py:830} INFO - Processing file /opt/airflow/dags/grocery_enrich_dag.py for tasks to queue
[2025-12-17T23:20:20.631+0000] {logging_mixin.py:188} INFO - [2025-12-17T23:20:20.631+0000] {dagbag.py:545} INFO - Filling up the DagBag from /opt/airflow/dags/grocery_enrich_dag.py
[2025-12-17T23:20:20.707+0000] {processor.py:840} INFO - DAG(s) 'grocery_enrich_dag' retrieved from /opt/airflow/dags/grocery_enrich_dag.py
[2025-12-17T23:20:20.754+0000] {logging_mixin.py:188} INFO - [2025-12-17T23:20:20.753+0000] {dag.py:3089} INFO - Sync 1 DAGs
[2025-12-17T23:20:20.776+0000] {logging_mixin.py:188} INFO - [2025-12-17T23:20:20.776+0000] {dag.py:3947} INFO - Setting next_dagrun for grocery_enrich_dag to None, run_after=None
[2025-12-17T23:20:20.802+0000] {processor.py:183} INFO - Processing /opt/airflow/dags/grocery_enrich_dag.py took 0.183 seconds
[2025-12-17T23:20:51.727+0000] {processor.py:161} INFO - Started process (PID=1164) to work on /opt/airflow/dags/grocery_enrich_dag.py
[2025-12-17T23:20:51.729+0000] {processor.py:830} INFO - Processing file /opt/airflow/dags/grocery_enrich_dag.py for tasks to queue
[2025-12-17T23:20:51.731+0000] {logging_mixin.py:188} INFO - [2025-12-17T23:20:51.730+0000] {dagbag.py:545} INFO - Filling up the DagBag from /opt/airflow/dags/grocery_enrich_dag.py
[2025-12-17T23:20:51.786+0000] {processor.py:840} INFO - DAG(s) 'grocery_enrich_dag' retrieved from /opt/airflow/dags/grocery_enrich_dag.py
[2025-12-17T23:20:51.817+0000] {logging_mixin.py:188} INFO - [2025-12-17T23:20:51.817+0000] {dag.py:3089} INFO - Sync 1 DAGs
[2025-12-17T23:20:51.831+0000] {logging_mixin.py:188} INFO - [2025-12-17T23:20:51.831+0000] {dag.py:3947} INFO - Setting next_dagrun for grocery_enrich_dag to None, run_after=None
[2025-12-17T23:20:51.852+0000] {processor.py:183} INFO - Processing /opt/airflow/dags/grocery_enrich_dag.py took 0.128 seconds
[2025-12-17T23:21:22.723+0000] {processor.py:161} INFO - Started process (PID=1194) to work on /opt/airflow/dags/grocery_enrich_dag.py
[2025-12-17T23:21:22.725+0000] {processor.py:830} INFO - Processing file /opt/airflow/dags/grocery_enrich_dag.py for tasks to queue
[2025-12-17T23:21:22.727+0000] {logging_mixin.py:188} INFO - [2025-12-17T23:21:22.726+0000] {dagbag.py:545} INFO - Filling up the DagBag from /opt/airflow/dags/grocery_enrich_dag.py
[2025-12-17T23:21:22.784+0000] {processor.py:840} INFO - DAG(s) 'grocery_enrich_dag' retrieved from /opt/airflow/dags/grocery_enrich_dag.py
[2025-12-17T23:21:22.836+0000] {logging_mixin.py:188} INFO - [2025-12-17T23:21:22.835+0000] {dag.py:3089} INFO - Sync 1 DAGs
[2025-12-17T23:21:22.855+0000] {logging_mixin.py:188} INFO - [2025-12-17T23:21:22.855+0000] {dag.py:3947} INFO - Setting next_dagrun for grocery_enrich_dag to None, run_after=None
[2025-12-17T23:21:22.887+0000] {processor.py:183} INFO - Processing /opt/airflow/dags/grocery_enrich_dag.py took 0.168 seconds
