[2025-12-17T22:58:32.671+0000] {processor.py:161} INFO - Started process (PID=187) to work on /opt/airflow/dags/grocery_lib/notify_ardoa.py
[2025-12-17T22:58:32.673+0000] {processor.py:830} INFO - Processing file /opt/airflow/dags/grocery_lib/notify_ardoa.py for tasks to queue
[2025-12-17T22:58:32.676+0000] {logging_mixin.py:188} INFO - [2025-12-17T22:58:32.675+0000] {dagbag.py:545} INFO - Filling up the DagBag from /opt/airflow/dags/grocery_lib/notify_ardoa.py
[2025-12-17T22:58:32.947+0000] {processor.py:842} WARNING - No viable dags retrieved from /opt/airflow/dags/grocery_lib/notify_ardoa.py
[2025-12-17T22:58:33.012+0000] {processor.py:183} INFO - Processing /opt/airflow/dags/grocery_lib/notify_ardoa.py took 0.352 seconds
[2025-12-17T22:59:04.092+0000] {processor.py:161} INFO - Started process (PID=212) to work on /opt/airflow/dags/grocery_lib/notify_ardoa.py
[2025-12-17T22:59:04.095+0000] {processor.py:830} INFO - Processing file /opt/airflow/dags/grocery_lib/notify_ardoa.py for tasks to queue
[2025-12-17T22:59:04.099+0000] {logging_mixin.py:188} INFO - [2025-12-17T22:59:04.098+0000] {dagbag.py:545} INFO - Filling up the DagBag from /opt/airflow/dags/grocery_lib/notify_ardoa.py
[2025-12-17T22:59:04.495+0000] {processor.py:842} WARNING - No viable dags retrieved from /opt/airflow/dags/grocery_lib/notify_ardoa.py
[2025-12-17T22:59:04.559+0000] {processor.py:183} INFO - Processing /opt/airflow/dags/grocery_lib/notify_ardoa.py took 0.483 seconds
[2025-12-17T22:59:40.087+0000] {processor.py:161} INFO - Started process (PID=247) to work on /opt/airflow/dags/grocery_lib/notify_ardoa.py
[2025-12-17T22:59:40.094+0000] {processor.py:830} INFO - Processing file /opt/airflow/dags/grocery_lib/notify_ardoa.py for tasks to queue
[2025-12-17T22:59:40.118+0000] {logging_mixin.py:188} INFO - [2025-12-17T22:59:40.117+0000] {dagbag.py:545} INFO - Filling up the DagBag from /opt/airflow/dags/grocery_lib/notify_ardoa.py
[2025-12-17T22:59:41.650+0000] {processor.py:842} WARNING - No viable dags retrieved from /opt/airflow/dags/grocery_lib/notify_ardoa.py
[2025-12-17T22:59:41.688+0000] {processor.py:183} INFO - Processing /opt/airflow/dags/grocery_lib/notify_ardoa.py took 1.609 seconds
[2025-12-17T23:00:14.828+0000] {processor.py:161} INFO - Started process (PID=277) to work on /opt/airflow/dags/grocery_lib/notify_ardoa.py
[2025-12-17T23:00:14.832+0000] {processor.py:830} INFO - Processing file /opt/airflow/dags/grocery_lib/notify_ardoa.py for tasks to queue
[2025-12-17T23:00:14.839+0000] {logging_mixin.py:188} INFO - [2025-12-17T23:00:14.838+0000] {dagbag.py:545} INFO - Filling up the DagBag from /opt/airflow/dags/grocery_lib/notify_ardoa.py
[2025-12-17T23:00:15.680+0000] {processor.py:842} WARNING - No viable dags retrieved from /opt/airflow/dags/grocery_lib/notify_ardoa.py
[2025-12-17T23:00:15.833+0000] {processor.py:183} INFO - Processing /opt/airflow/dags/grocery_lib/notify_ardoa.py took 1.021 seconds
[2025-12-17T23:00:45.944+0000] {processor.py:161} INFO - Started process (PID=304) to work on /opt/airflow/dags/grocery_lib/notify_ardoa.py
[2025-12-17T23:00:45.946+0000] {processor.py:830} INFO - Processing file /opt/airflow/dags/grocery_lib/notify_ardoa.py for tasks to queue
[2025-12-17T23:00:45.947+0000] {logging_mixin.py:188} INFO - [2025-12-17T23:00:45.947+0000] {dagbag.py:545} INFO - Filling up the DagBag from /opt/airflow/dags/grocery_lib/notify_ardoa.py
[2025-12-17T23:00:46.003+0000] {processor.py:842} WARNING - No viable dags retrieved from /opt/airflow/dags/grocery_lib/notify_ardoa.py
[2025-12-17T23:00:46.034+0000] {processor.py:183} INFO - Processing /opt/airflow/dags/grocery_lib/notify_ardoa.py took 0.099 seconds
[2025-12-17T23:01:18.202+0000] {processor.py:161} INFO - Started process (PID=337) to work on /opt/airflow/dags/grocery_lib/notify_ardoa.py
[2025-12-17T23:01:18.207+0000] {processor.py:830} INFO - Processing file /opt/airflow/dags/grocery_lib/notify_ardoa.py for tasks to queue
[2025-12-17T23:01:18.214+0000] {logging_mixin.py:188} INFO - [2025-12-17T23:01:18.214+0000] {dagbag.py:545} INFO - Filling up the DagBag from /opt/airflow/dags/grocery_lib/notify_ardoa.py
[2025-12-17T23:01:18.385+0000] {processor.py:842} WARNING - No viable dags retrieved from /opt/airflow/dags/grocery_lib/notify_ardoa.py
[2025-12-17T23:01:18.493+0000] {processor.py:183} INFO - Processing /opt/airflow/dags/grocery_lib/notify_ardoa.py took 0.303 seconds
[2025-12-17T23:03:38.545+0000] {processor.py:161} INFO - Started process (PID=187) to work on /opt/airflow/dags/grocery_lib/notify_ardoa.py
[2025-12-17T23:03:38.549+0000] {processor.py:830} INFO - Processing file /opt/airflow/dags/grocery_lib/notify_ardoa.py for tasks to queue
[2025-12-17T23:03:38.552+0000] {logging_mixin.py:188} INFO - [2025-12-17T23:03:38.552+0000] {dagbag.py:545} INFO - Filling up the DagBag from /opt/airflow/dags/grocery_lib/notify_ardoa.py
[2025-12-17T23:03:39.753+0000] {processor.py:842} WARNING - No viable dags retrieved from /opt/airflow/dags/grocery_lib/notify_ardoa.py
[2025-12-17T23:03:39.852+0000] {processor.py:183} INFO - Processing /opt/airflow/dags/grocery_lib/notify_ardoa.py took 1.322 seconds
[2025-12-17T23:04:11.785+0000] {processor.py:161} INFO - Started process (PID=217) to work on /opt/airflow/dags/grocery_lib/notify_ardoa.py
[2025-12-17T23:04:11.798+0000] {processor.py:830} INFO - Processing file /opt/airflow/dags/grocery_lib/notify_ardoa.py for tasks to queue
[2025-12-17T23:04:11.803+0000] {logging_mixin.py:188} INFO - [2025-12-17T23:04:11.803+0000] {dagbag.py:545} INFO - Filling up the DagBag from /opt/airflow/dags/grocery_lib/notify_ardoa.py
[2025-12-17T23:04:12.449+0000] {processor.py:842} WARNING - No viable dags retrieved from /opt/airflow/dags/grocery_lib/notify_ardoa.py
[2025-12-17T23:04:12.560+0000] {processor.py:183} INFO - Processing /opt/airflow/dags/grocery_lib/notify_ardoa.py took 0.799 seconds
[2025-12-17T23:04:44.053+0000] {processor.py:161} INFO - Started process (PID=247) to work on /opt/airflow/dags/grocery_lib/notify_ardoa.py
[2025-12-17T23:04:44.071+0000] {processor.py:830} INFO - Processing file /opt/airflow/dags/grocery_lib/notify_ardoa.py for tasks to queue
[2025-12-17T23:04:44.076+0000] {logging_mixin.py:188} INFO - [2025-12-17T23:04:44.075+0000] {dagbag.py:545} INFO - Filling up the DagBag from /opt/airflow/dags/grocery_lib/notify_ardoa.py
[2025-12-17T23:04:44.438+0000] {processor.py:842} WARNING - No viable dags retrieved from /opt/airflow/dags/grocery_lib/notify_ardoa.py
[2025-12-17T23:04:44.513+0000] {processor.py:183} INFO - Processing /opt/airflow/dags/grocery_lib/notify_ardoa.py took 0.483 seconds
[2025-12-17T23:05:16.030+0000] {processor.py:161} INFO - Started process (PID=277) to work on /opt/airflow/dags/grocery_lib/notify_ardoa.py
[2025-12-17T23:05:16.032+0000] {processor.py:830} INFO - Processing file /opt/airflow/dags/grocery_lib/notify_ardoa.py for tasks to queue
[2025-12-17T23:05:16.035+0000] {logging_mixin.py:188} INFO - [2025-12-17T23:05:16.035+0000] {dagbag.py:545} INFO - Filling up the DagBag from /opt/airflow/dags/grocery_lib/notify_ardoa.py
[2025-12-17T23:05:16.235+0000] {processor.py:842} WARNING - No viable dags retrieved from /opt/airflow/dags/grocery_lib/notify_ardoa.py
[2025-12-17T23:05:16.278+0000] {processor.py:183} INFO - Processing /opt/airflow/dags/grocery_lib/notify_ardoa.py took 0.286 seconds
[2025-12-17T23:05:47.259+0000] {processor.py:161} INFO - Started process (PID=307) to work on /opt/airflow/dags/grocery_lib/notify_ardoa.py
[2025-12-17T23:05:47.261+0000] {processor.py:830} INFO - Processing file /opt/airflow/dags/grocery_lib/notify_ardoa.py for tasks to queue
[2025-12-17T23:05:47.264+0000] {logging_mixin.py:188} INFO - [2025-12-17T23:05:47.263+0000] {dagbag.py:545} INFO - Filling up the DagBag from /opt/airflow/dags/grocery_lib/notify_ardoa.py
[2025-12-17T23:05:47.524+0000] {processor.py:842} WARNING - No viable dags retrieved from /opt/airflow/dags/grocery_lib/notify_ardoa.py
[2025-12-17T23:05:47.569+0000] {processor.py:183} INFO - Processing /opt/airflow/dags/grocery_lib/notify_ardoa.py took 0.316 seconds
[2025-12-17T23:06:18.119+0000] {processor.py:161} INFO - Started process (PID=337) to work on /opt/airflow/dags/grocery_lib/notify_ardoa.py
[2025-12-17T23:06:18.124+0000] {processor.py:830} INFO - Processing file /opt/airflow/dags/grocery_lib/notify_ardoa.py for tasks to queue
[2025-12-17T23:06:18.127+0000] {logging_mixin.py:188} INFO - [2025-12-17T23:06:18.127+0000] {dagbag.py:545} INFO - Filling up the DagBag from /opt/airflow/dags/grocery_lib/notify_ardoa.py
[2025-12-17T23:06:18.210+0000] {processor.py:842} WARNING - No viable dags retrieved from /opt/airflow/dags/grocery_lib/notify_ardoa.py
[2025-12-17T23:06:18.254+0000] {processor.py:183} INFO - Processing /opt/airflow/dags/grocery_lib/notify_ardoa.py took 0.139 seconds
[2025-12-17T23:06:52.060+0000] {processor.py:161} INFO - Started process (PID=367) to work on /opt/airflow/dags/grocery_lib/notify_ardoa.py
[2025-12-17T23:06:52.102+0000] {processor.py:830} INFO - Processing file /opt/airflow/dags/grocery_lib/notify_ardoa.py for tasks to queue
[2025-12-17T23:06:52.154+0000] {logging_mixin.py:188} INFO - [2025-12-17T23:06:52.134+0000] {dagbag.py:545} INFO - Filling up the DagBag from /opt/airflow/dags/grocery_lib/notify_ardoa.py
[2025-12-17T23:06:52.623+0000] {processor.py:842} WARNING - No viable dags retrieved from /opt/airflow/dags/grocery_lib/notify_ardoa.py
[2025-12-17T23:06:52.774+0000] {processor.py:183} INFO - Processing /opt/airflow/dags/grocery_lib/notify_ardoa.py took 0.822 seconds
[2025-12-17T23:07:28.662+0000] {processor.py:161} INFO - Started process (PID=397) to work on /opt/airflow/dags/grocery_lib/notify_ardoa.py
[2025-12-17T23:07:28.666+0000] {processor.py:830} INFO - Processing file /opt/airflow/dags/grocery_lib/notify_ardoa.py for tasks to queue
[2025-12-17T23:07:28.677+0000] {logging_mixin.py:188} INFO - [2025-12-17T23:07:28.676+0000] {dagbag.py:545} INFO - Filling up the DagBag from /opt/airflow/dags/grocery_lib/notify_ardoa.py
[2025-12-17T23:07:28.837+0000] {processor.py:842} WARNING - No viable dags retrieved from /opt/airflow/dags/grocery_lib/notify_ardoa.py
[2025-12-17T23:07:29.348+0000] {processor.py:183} INFO - Processing /opt/airflow/dags/grocery_lib/notify_ardoa.py took 0.744 seconds
[2025-12-17T23:07:59.902+0000] {processor.py:161} INFO - Started process (PID=427) to work on /opt/airflow/dags/grocery_lib/notify_ardoa.py
[2025-12-17T23:07:59.904+0000] {processor.py:830} INFO - Processing file /opt/airflow/dags/grocery_lib/notify_ardoa.py for tasks to queue
[2025-12-17T23:07:59.909+0000] {logging_mixin.py:188} INFO - [2025-12-17T23:07:59.908+0000] {dagbag.py:545} INFO - Filling up the DagBag from /opt/airflow/dags/grocery_lib/notify_ardoa.py
[2025-12-17T23:07:59.989+0000] {processor.py:842} WARNING - No viable dags retrieved from /opt/airflow/dags/grocery_lib/notify_ardoa.py
[2025-12-17T23:08:00.076+0000] {processor.py:183} INFO - Processing /opt/airflow/dags/grocery_lib/notify_ardoa.py took 0.187 seconds
[2025-12-17T23:08:31.062+0000] {processor.py:161} INFO - Started process (PID=457) to work on /opt/airflow/dags/grocery_lib/notify_ardoa.py
[2025-12-17T23:08:31.064+0000] {processor.py:830} INFO - Processing file /opt/airflow/dags/grocery_lib/notify_ardoa.py for tasks to queue
[2025-12-17T23:08:31.066+0000] {logging_mixin.py:188} INFO - [2025-12-17T23:08:31.065+0000] {dagbag.py:545} INFO - Filling up the DagBag from /opt/airflow/dags/grocery_lib/notify_ardoa.py
[2025-12-17T23:08:31.118+0000] {processor.py:842} WARNING - No viable dags retrieved from /opt/airflow/dags/grocery_lib/notify_ardoa.py
[2025-12-17T23:08:31.147+0000] {processor.py:183} INFO - Processing /opt/airflow/dags/grocery_lib/notify_ardoa.py took 0.089 seconds
[2025-12-17T23:09:01.858+0000] {processor.py:161} INFO - Started process (PID=487) to work on /opt/airflow/dags/grocery_lib/notify_ardoa.py
[2025-12-17T23:09:01.859+0000] {processor.py:830} INFO - Processing file /opt/airflow/dags/grocery_lib/notify_ardoa.py for tasks to queue
[2025-12-17T23:09:01.861+0000] {logging_mixin.py:188} INFO - [2025-12-17T23:09:01.861+0000] {dagbag.py:545} INFO - Filling up the DagBag from /opt/airflow/dags/grocery_lib/notify_ardoa.py
[2025-12-17T23:09:01.908+0000] {processor.py:842} WARNING - No viable dags retrieved from /opt/airflow/dags/grocery_lib/notify_ardoa.py
[2025-12-17T23:09:01.938+0000] {processor.py:183} INFO - Processing /opt/airflow/dags/grocery_lib/notify_ardoa.py took 0.085 seconds
[2025-12-17T23:09:32.596+0000] {processor.py:161} INFO - Started process (PID=517) to work on /opt/airflow/dags/grocery_lib/notify_ardoa.py
[2025-12-17T23:09:32.597+0000] {processor.py:830} INFO - Processing file /opt/airflow/dags/grocery_lib/notify_ardoa.py for tasks to queue
[2025-12-17T23:09:32.599+0000] {logging_mixin.py:188} INFO - [2025-12-17T23:09:32.599+0000] {dagbag.py:545} INFO - Filling up the DagBag from /opt/airflow/dags/grocery_lib/notify_ardoa.py
[2025-12-17T23:09:32.642+0000] {processor.py:842} WARNING - No viable dags retrieved from /opt/airflow/dags/grocery_lib/notify_ardoa.py
[2025-12-17T23:09:32.670+0000] {processor.py:183} INFO - Processing /opt/airflow/dags/grocery_lib/notify_ardoa.py took 0.079 seconds
[2025-12-17T23:10:03.388+0000] {processor.py:161} INFO - Started process (PID=547) to work on /opt/airflow/dags/grocery_lib/notify_ardoa.py
[2025-12-17T23:10:03.390+0000] {processor.py:830} INFO - Processing file /opt/airflow/dags/grocery_lib/notify_ardoa.py for tasks to queue
[2025-12-17T23:10:03.392+0000] {logging_mixin.py:188} INFO - [2025-12-17T23:10:03.392+0000] {dagbag.py:545} INFO - Filling up the DagBag from /opt/airflow/dags/grocery_lib/notify_ardoa.py
[2025-12-17T23:10:03.436+0000] {processor.py:842} WARNING - No viable dags retrieved from /opt/airflow/dags/grocery_lib/notify_ardoa.py
[2025-12-17T23:10:03.470+0000] {processor.py:183} INFO - Processing /opt/airflow/dags/grocery_lib/notify_ardoa.py took 0.085 seconds
[2025-12-17T23:10:34.068+0000] {processor.py:161} INFO - Started process (PID=577) to work on /opt/airflow/dags/grocery_lib/notify_ardoa.py
[2025-12-17T23:10:34.069+0000] {processor.py:830} INFO - Processing file /opt/airflow/dags/grocery_lib/notify_ardoa.py for tasks to queue
[2025-12-17T23:10:34.072+0000] {logging_mixin.py:188} INFO - [2025-12-17T23:10:34.072+0000] {dagbag.py:545} INFO - Filling up the DagBag from /opt/airflow/dags/grocery_lib/notify_ardoa.py
[2025-12-17T23:10:34.131+0000] {processor.py:842} WARNING - No viable dags retrieved from /opt/airflow/dags/grocery_lib/notify_ardoa.py
[2025-12-17T23:10:34.163+0000] {processor.py:183} INFO - Processing /opt/airflow/dags/grocery_lib/notify_ardoa.py took 0.099 seconds
[2025-12-17T23:11:04.896+0000] {processor.py:161} INFO - Started process (PID=607) to work on /opt/airflow/dags/grocery_lib/notify_ardoa.py
[2025-12-17T23:11:04.897+0000] {processor.py:830} INFO - Processing file /opt/airflow/dags/grocery_lib/notify_ardoa.py for tasks to queue
[2025-12-17T23:11:04.899+0000] {logging_mixin.py:188} INFO - [2025-12-17T23:11:04.899+0000] {dagbag.py:545} INFO - Filling up the DagBag from /opt/airflow/dags/grocery_lib/notify_ardoa.py
[2025-12-17T23:11:04.966+0000] {processor.py:842} WARNING - No viable dags retrieved from /opt/airflow/dags/grocery_lib/notify_ardoa.py
[2025-12-17T23:11:05.000+0000] {processor.py:183} INFO - Processing /opt/airflow/dags/grocery_lib/notify_ardoa.py took 0.109 seconds
[2025-12-17T23:11:35.727+0000] {processor.py:161} INFO - Started process (PID=637) to work on /opt/airflow/dags/grocery_lib/notify_ardoa.py
[2025-12-17T23:11:35.729+0000] {processor.py:830} INFO - Processing file /opt/airflow/dags/grocery_lib/notify_ardoa.py for tasks to queue
[2025-12-17T23:11:35.731+0000] {logging_mixin.py:188} INFO - [2025-12-17T23:11:35.731+0000] {dagbag.py:545} INFO - Filling up the DagBag from /opt/airflow/dags/grocery_lib/notify_ardoa.py
[2025-12-17T23:11:35.793+0000] {processor.py:842} WARNING - No viable dags retrieved from /opt/airflow/dags/grocery_lib/notify_ardoa.py
[2025-12-17T23:11:35.824+0000] {processor.py:183} INFO - Processing /opt/airflow/dags/grocery_lib/notify_ardoa.py took 0.101 seconds
[2025-12-17T23:12:06.491+0000] {processor.py:161} INFO - Started process (PID=667) to work on /opt/airflow/dags/grocery_lib/notify_ardoa.py
[2025-12-17T23:12:06.492+0000] {processor.py:830} INFO - Processing file /opt/airflow/dags/grocery_lib/notify_ardoa.py for tasks to queue
[2025-12-17T23:12:06.494+0000] {logging_mixin.py:188} INFO - [2025-12-17T23:12:06.494+0000] {dagbag.py:545} INFO - Filling up the DagBag from /opt/airflow/dags/grocery_lib/notify_ardoa.py
[2025-12-17T23:12:06.546+0000] {processor.py:842} WARNING - No viable dags retrieved from /opt/airflow/dags/grocery_lib/notify_ardoa.py
[2025-12-17T23:12:06.576+0000] {processor.py:183} INFO - Processing /opt/airflow/dags/grocery_lib/notify_ardoa.py took 0.090 seconds
[2025-12-17T23:12:36.627+0000] {processor.py:161} INFO - Started process (PID=694) to work on /opt/airflow/dags/grocery_lib/notify_ardoa.py
[2025-12-17T23:12:36.629+0000] {processor.py:830} INFO - Processing file /opt/airflow/dags/grocery_lib/notify_ardoa.py for tasks to queue
[2025-12-17T23:12:36.631+0000] {logging_mixin.py:188} INFO - [2025-12-17T23:12:36.631+0000] {dagbag.py:545} INFO - Filling up the DagBag from /opt/airflow/dags/grocery_lib/notify_ardoa.py
[2025-12-17T23:12:36.678+0000] {processor.py:842} WARNING - No viable dags retrieved from /opt/airflow/dags/grocery_lib/notify_ardoa.py
[2025-12-17T23:12:36.704+0000] {processor.py:183} INFO - Processing /opt/airflow/dags/grocery_lib/notify_ardoa.py took 0.082 seconds
[2025-12-17T23:13:07.448+0000] {processor.py:161} INFO - Started process (PID=727) to work on /opt/airflow/dags/grocery_lib/notify_ardoa.py
[2025-12-17T23:13:07.450+0000] {processor.py:830} INFO - Processing file /opt/airflow/dags/grocery_lib/notify_ardoa.py for tasks to queue
[2025-12-17T23:13:07.452+0000] {logging_mixin.py:188} INFO - [2025-12-17T23:13:07.452+0000] {dagbag.py:545} INFO - Filling up the DagBag from /opt/airflow/dags/grocery_lib/notify_ardoa.py
[2025-12-17T23:13:07.503+0000] {processor.py:842} WARNING - No viable dags retrieved from /opt/airflow/dags/grocery_lib/notify_ardoa.py
[2025-12-17T23:13:07.538+0000] {processor.py:183} INFO - Processing /opt/airflow/dags/grocery_lib/notify_ardoa.py took 0.094 seconds
[2025-12-17T23:13:37.632+0000] {processor.py:161} INFO - Started process (PID=757) to work on /opt/airflow/dags/grocery_lib/notify_ardoa.py
[2025-12-17T23:13:37.634+0000] {processor.py:830} INFO - Processing file /opt/airflow/dags/grocery_lib/notify_ardoa.py for tasks to queue
[2025-12-17T23:13:37.636+0000] {logging_mixin.py:188} INFO - [2025-12-17T23:13:37.636+0000] {dagbag.py:545} INFO - Filling up the DagBag from /opt/airflow/dags/grocery_lib/notify_ardoa.py
[2025-12-17T23:13:37.688+0000] {processor.py:842} WARNING - No viable dags retrieved from /opt/airflow/dags/grocery_lib/notify_ardoa.py
[2025-12-17T23:13:37.721+0000] {processor.py:183} INFO - Processing /opt/airflow/dags/grocery_lib/notify_ardoa.py took 0.094 seconds
[2025-12-17T23:14:08.840+0000] {processor.py:161} INFO - Started process (PID=789) to work on /opt/airflow/dags/grocery_lib/notify_ardoa.py
[2025-12-17T23:14:08.842+0000] {processor.py:830} INFO - Processing file /opt/airflow/dags/grocery_lib/notify_ardoa.py for tasks to queue
[2025-12-17T23:14:08.844+0000] {logging_mixin.py:188} INFO - [2025-12-17T23:14:08.844+0000] {dagbag.py:545} INFO - Filling up the DagBag from /opt/airflow/dags/grocery_lib/notify_ardoa.py
[2025-12-17T23:14:08.892+0000] {processor.py:842} WARNING - No viable dags retrieved from /opt/airflow/dags/grocery_lib/notify_ardoa.py
[2025-12-17T23:14:08.923+0000] {processor.py:183} INFO - Processing /opt/airflow/dags/grocery_lib/notify_ardoa.py took 0.089 seconds
[2025-12-17T23:14:39.900+0000] {processor.py:161} INFO - Started process (PID=819) to work on /opt/airflow/dags/grocery_lib/notify_ardoa.py
[2025-12-17T23:14:39.903+0000] {processor.py:830} INFO - Processing file /opt/airflow/dags/grocery_lib/notify_ardoa.py for tasks to queue
[2025-12-17T23:14:39.905+0000] {logging_mixin.py:188} INFO - [2025-12-17T23:14:39.905+0000] {dagbag.py:545} INFO - Filling up the DagBag from /opt/airflow/dags/grocery_lib/notify_ardoa.py
[2025-12-17T23:14:39.956+0000] {processor.py:842} WARNING - No viable dags retrieved from /opt/airflow/dags/grocery_lib/notify_ardoa.py
[2025-12-17T23:14:39.988+0000] {processor.py:183} INFO - Processing /opt/airflow/dags/grocery_lib/notify_ardoa.py took 0.093 seconds
[2025-12-17T23:15:10.800+0000] {processor.py:161} INFO - Started process (PID=849) to work on /opt/airflow/dags/grocery_lib/notify_ardoa.py
[2025-12-17T23:15:10.801+0000] {processor.py:830} INFO - Processing file /opt/airflow/dags/grocery_lib/notify_ardoa.py for tasks to queue
[2025-12-17T23:15:10.803+0000] {logging_mixin.py:188} INFO - [2025-12-17T23:15:10.803+0000] {dagbag.py:545} INFO - Filling up the DagBag from /opt/airflow/dags/grocery_lib/notify_ardoa.py
[2025-12-17T23:15:10.848+0000] {processor.py:842} WARNING - No viable dags retrieved from /opt/airflow/dags/grocery_lib/notify_ardoa.py
[2025-12-17T23:15:10.877+0000] {processor.py:183} INFO - Processing /opt/airflow/dags/grocery_lib/notify_ardoa.py took 0.081 seconds
[2025-12-17T23:15:41.810+0000] {processor.py:161} INFO - Started process (PID=879) to work on /opt/airflow/dags/grocery_lib/notify_ardoa.py
[2025-12-17T23:15:41.812+0000] {processor.py:830} INFO - Processing file /opt/airflow/dags/grocery_lib/notify_ardoa.py for tasks to queue
[2025-12-17T23:15:41.814+0000] {logging_mixin.py:188} INFO - [2025-12-17T23:15:41.813+0000] {dagbag.py:545} INFO - Filling up the DagBag from /opt/airflow/dags/grocery_lib/notify_ardoa.py
[2025-12-17T23:15:41.863+0000] {processor.py:842} WARNING - No viable dags retrieved from /opt/airflow/dags/grocery_lib/notify_ardoa.py
[2025-12-17T23:15:41.891+0000] {processor.py:183} INFO - Processing /opt/airflow/dags/grocery_lib/notify_ardoa.py took 0.087 seconds
[2025-12-17T23:16:12.800+0000] {processor.py:161} INFO - Started process (PID=907) to work on /opt/airflow/dags/grocery_lib/notify_ardoa.py
[2025-12-17T23:16:12.801+0000] {processor.py:830} INFO - Processing file /opt/airflow/dags/grocery_lib/notify_ardoa.py for tasks to queue
[2025-12-17T23:16:12.803+0000] {logging_mixin.py:188} INFO - [2025-12-17T23:16:12.802+0000] {dagbag.py:545} INFO - Filling up the DagBag from /opt/airflow/dags/grocery_lib/notify_ardoa.py
[2025-12-17T23:16:12.844+0000] {processor.py:842} WARNING - No viable dags retrieved from /opt/airflow/dags/grocery_lib/notify_ardoa.py
[2025-12-17T23:16:12.868+0000] {processor.py:183} INFO - Processing /opt/airflow/dags/grocery_lib/notify_ardoa.py took 0.072 seconds
[2025-12-17T23:16:44.007+0000] {processor.py:161} INFO - Started process (PID=939) to work on /opt/airflow/dags/grocery_lib/notify_ardoa.py
[2025-12-17T23:16:44.008+0000] {processor.py:830} INFO - Processing file /opt/airflow/dags/grocery_lib/notify_ardoa.py for tasks to queue
[2025-12-17T23:16:44.010+0000] {logging_mixin.py:188} INFO - [2025-12-17T23:16:44.010+0000] {dagbag.py:545} INFO - Filling up the DagBag from /opt/airflow/dags/grocery_lib/notify_ardoa.py
[2025-12-17T23:16:44.052+0000] {processor.py:842} WARNING - No viable dags retrieved from /opt/airflow/dags/grocery_lib/notify_ardoa.py
[2025-12-17T23:16:44.077+0000] {processor.py:183} INFO - Processing /opt/airflow/dags/grocery_lib/notify_ardoa.py took 0.074 seconds
[2025-12-17T23:17:15.020+0000] {processor.py:161} INFO - Started process (PID=969) to work on /opt/airflow/dags/grocery_lib/notify_ardoa.py
[2025-12-17T23:17:15.021+0000] {processor.py:830} INFO - Processing file /opt/airflow/dags/grocery_lib/notify_ardoa.py for tasks to queue
[2025-12-17T23:17:15.023+0000] {logging_mixin.py:188} INFO - [2025-12-17T23:17:15.023+0000] {dagbag.py:545} INFO - Filling up the DagBag from /opt/airflow/dags/grocery_lib/notify_ardoa.py
[2025-12-17T23:17:15.073+0000] {processor.py:842} WARNING - No viable dags retrieved from /opt/airflow/dags/grocery_lib/notify_ardoa.py
[2025-12-17T23:17:15.098+0000] {processor.py:183} INFO - Processing /opt/airflow/dags/grocery_lib/notify_ardoa.py took 0.082 seconds
[2025-12-17T23:17:47.002+0000] {processor.py:161} INFO - Started process (PID=999) to work on /opt/airflow/dags/grocery_lib/notify_ardoa.py
[2025-12-17T23:17:47.004+0000] {processor.py:830} INFO - Processing file /opt/airflow/dags/grocery_lib/notify_ardoa.py for tasks to queue
[2025-12-17T23:17:47.007+0000] {logging_mixin.py:188} INFO - [2025-12-17T23:17:47.006+0000] {dagbag.py:545} INFO - Filling up the DagBag from /opt/airflow/dags/grocery_lib/notify_ardoa.py
[2025-12-17T23:17:47.065+0000] {processor.py:842} WARNING - No viable dags retrieved from /opt/airflow/dags/grocery_lib/notify_ardoa.py
[2025-12-17T23:17:47.126+0000] {processor.py:183} INFO - Processing /opt/airflow/dags/grocery_lib/notify_ardoa.py took 0.133 seconds
[2025-12-17T23:18:17.245+0000] {processor.py:161} INFO - Started process (PID=1029) to work on /opt/airflow/dags/grocery_lib/notify_ardoa.py
[2025-12-17T23:18:17.247+0000] {processor.py:830} INFO - Processing file /opt/airflow/dags/grocery_lib/notify_ardoa.py for tasks to queue
[2025-12-17T23:18:17.249+0000] {logging_mixin.py:188} INFO - [2025-12-17T23:18:17.248+0000] {dagbag.py:545} INFO - Filling up the DagBag from /opt/airflow/dags/grocery_lib/notify_ardoa.py
[2025-12-17T23:18:17.298+0000] {processor.py:842} WARNING - No viable dags retrieved from /opt/airflow/dags/grocery_lib/notify_ardoa.py
[2025-12-17T23:18:17.324+0000] {processor.py:183} INFO - Processing /opt/airflow/dags/grocery_lib/notify_ardoa.py took 0.086 seconds
[2025-12-17T23:18:48.916+0000] {processor.py:161} INFO - Started process (PID=1057) to work on /opt/airflow/dags/grocery_lib/notify_ardoa.py
[2025-12-17T23:18:48.919+0000] {processor.py:830} INFO - Processing file /opt/airflow/dags/grocery_lib/notify_ardoa.py for tasks to queue
[2025-12-17T23:18:48.921+0000] {logging_mixin.py:188} INFO - [2025-12-17T23:18:48.921+0000] {dagbag.py:545} INFO - Filling up the DagBag from /opt/airflow/dags/grocery_lib/notify_ardoa.py
[2025-12-17T23:18:48.997+0000] {processor.py:842} WARNING - No viable dags retrieved from /opt/airflow/dags/grocery_lib/notify_ardoa.py
[2025-12-17T23:18:49.055+0000] {processor.py:183} INFO - Processing /opt/airflow/dags/grocery_lib/notify_ardoa.py took 0.145 seconds
[2025-12-17T23:19:19.850+0000] {processor.py:161} INFO - Started process (PID=1089) to work on /opt/airflow/dags/grocery_lib/notify_ardoa.py
[2025-12-17T23:19:19.851+0000] {processor.py:830} INFO - Processing file /opt/airflow/dags/grocery_lib/notify_ardoa.py for tasks to queue
[2025-12-17T23:19:19.852+0000] {logging_mixin.py:188} INFO - [2025-12-17T23:19:19.852+0000] {dagbag.py:545} INFO - Filling up the DagBag from /opt/airflow/dags/grocery_lib/notify_ardoa.py
[2025-12-17T23:19:19.901+0000] {processor.py:842} WARNING - No viable dags retrieved from /opt/airflow/dags/grocery_lib/notify_ardoa.py
[2025-12-17T23:19:19.927+0000] {processor.py:183} INFO - Processing /opt/airflow/dags/grocery_lib/notify_ardoa.py took 0.082 seconds
[2025-12-17T23:19:50.766+0000] {processor.py:161} INFO - Started process (PID=1119) to work on /opt/airflow/dags/grocery_lib/notify_ardoa.py
[2025-12-17T23:19:50.767+0000] {processor.py:830} INFO - Processing file /opt/airflow/dags/grocery_lib/notify_ardoa.py for tasks to queue
[2025-12-17T23:19:50.769+0000] {logging_mixin.py:188} INFO - [2025-12-17T23:19:50.769+0000] {dagbag.py:545} INFO - Filling up the DagBag from /opt/airflow/dags/grocery_lib/notify_ardoa.py
[2025-12-17T23:19:50.822+0000] {processor.py:842} WARNING - No viable dags retrieved from /opt/airflow/dags/grocery_lib/notify_ardoa.py
[2025-12-17T23:19:50.850+0000] {processor.py:183} INFO - Processing /opt/airflow/dags/grocery_lib/notify_ardoa.py took 0.089 seconds
[2025-12-17T23:20:21.089+0000] {processor.py:161} INFO - Started process (PID=1149) to work on /opt/airflow/dags/grocery_lib/notify_ardoa.py
[2025-12-17T23:20:21.090+0000] {processor.py:830} INFO - Processing file /opt/airflow/dags/grocery_lib/notify_ardoa.py for tasks to queue
[2025-12-17T23:20:21.093+0000] {logging_mixin.py:188} INFO - [2025-12-17T23:20:21.092+0000] {dagbag.py:545} INFO - Filling up the DagBag from /opt/airflow/dags/grocery_lib/notify_ardoa.py
[2025-12-17T23:20:21.150+0000] {processor.py:842} WARNING - No viable dags retrieved from /opt/airflow/dags/grocery_lib/notify_ardoa.py
[2025-12-17T23:20:21.176+0000] {processor.py:183} INFO - Processing /opt/airflow/dags/grocery_lib/notify_ardoa.py took 0.092 seconds
[2025-12-17T23:20:52.090+0000] {processor.py:161} INFO - Started process (PID=1179) to work on /opt/airflow/dags/grocery_lib/notify_ardoa.py
[2025-12-17T23:20:52.092+0000] {processor.py:830} INFO - Processing file /opt/airflow/dags/grocery_lib/notify_ardoa.py for tasks to queue
[2025-12-17T23:20:52.093+0000] {logging_mixin.py:188} INFO - [2025-12-17T23:20:52.093+0000] {dagbag.py:545} INFO - Filling up the DagBag from /opt/airflow/dags/grocery_lib/notify_ardoa.py
[2025-12-17T23:20:52.145+0000] {processor.py:842} WARNING - No viable dags retrieved from /opt/airflow/dags/grocery_lib/notify_ardoa.py
[2025-12-17T23:20:52.171+0000] {processor.py:183} INFO - Processing /opt/airflow/dags/grocery_lib/notify_ardoa.py took 0.085 seconds
[2025-12-17T23:21:22.953+0000] {processor.py:161} INFO - Started process (PID=1207) to work on /opt/airflow/dags/grocery_lib/notify_ardoa.py
[2025-12-17T23:21:22.955+0000] {processor.py:830} INFO - Processing file /opt/airflow/dags/grocery_lib/notify_ardoa.py for tasks to queue
[2025-12-17T23:21:22.959+0000] {logging_mixin.py:188} INFO - [2025-12-17T23:21:22.958+0000] {dagbag.py:545} INFO - Filling up the DagBag from /opt/airflow/dags/grocery_lib/notify_ardoa.py
[2025-12-17T23:21:23.040+0000] {processor.py:842} WARNING - No viable dags retrieved from /opt/airflow/dags/grocery_lib/notify_ardoa.py
[2025-12-17T23:21:23.094+0000] {processor.py:183} INFO - Processing /opt/airflow/dags/grocery_lib/notify_ardoa.py took 0.150 seconds
